<?xml version="1.0" encoding="UTF-8"?>
<coverage generated="1759756022373" clover="3.2.0">
  <project timestamp="1759756022373" name="All files">
    <metrics statements="1157" coveredstatements="12" conditionals="894" coveredconditionals="6" methods="170" coveredmethods="2" elements="2221" coveredelements="20" complexity="0" loc="1157" ncloc="1157" packages="1" files="6" classes="6"/>
    <file name="config-manager.js" path="/Users/nczitzer/WebstormProjects/mcp-servicenow-nodejs/src/config-manager.js">
      <metrics statements="43" coveredstatements="0" conditionals="24" coveredconditionals="0" methods="12" coveredmethods="0"/>
      <line num="5" count="0" type="stmt"/>
      <line num="6" count="0" type="stmt"/>
      <line num="10" count="0" type="stmt"/>
      <line num="11" count="0" type="stmt"/>
      <line num="18" count="0" type="cond" truecount="0" falsecount="2"/>
      <line num="19" count="0" type="stmt"/>
      <line num="22" count="0" type="stmt"/>
      <line num="23" count="0" type="stmt"/>
      <line num="24" count="0" type="stmt"/>
      <line num="25" count="0" type="stmt"/>
      <line num="26" count="0" type="stmt"/>
      <line num="29" count="0" type="cond" truecount="0" falsecount="2"/>
      <line num="30" count="0" type="stmt"/>
      <line num="31" count="0" type="stmt"/>
      <line num="33" count="0" type="stmt"/>
      <line num="41" count="0" type="cond" truecount="0" falsecount="5"/>
      <line num="42" count="0" type="stmt"/>
      <line num="45" count="0" type="stmt"/>
      <line num="54" count="0" type="stmt"/>
      <line num="63" count="0" type="stmt"/>
      <line num="64" count="0" type="stmt"/>
      <line num="66" count="0" type="cond" truecount="0" falsecount="2"/>
      <line num="67" count="0" type="stmt"/>
      <line num="70" count="0" type="stmt"/>
      <line num="78" count="0" type="stmt"/>
      <line num="79" count="0" type="stmt"/>
      <line num="81" count="0" type="cond" truecount="0" falsecount="2"/>
      <line num="83" count="0" type="stmt"/>
      <line num="86" count="0" type="stmt"/>
      <line num="95" count="0" type="cond" truecount="0" falsecount="2"/>
      <line num="96" count="0" type="stmt"/>
      <line num="100" count="0" type="stmt"/>
      <line num="101" count="0" type="cond" truecount="0" falsecount="2"/>
      <line num="102" count="0" type="stmt"/>
      <line num="105" count="0" type="stmt"/>
      <line num="113" count="0" type="stmt"/>
      <line num="114" count="0" type="stmt"/>
      <line num="128" count="0" type="stmt"/>
      <line num="129" count="0" type="stmt"/>
      <line num="130" count="0" type="cond" truecount="0" falsecount="2"/>
      <line num="131" count="0" type="stmt"/>
      <line num="134" count="0" type="stmt"/>
      <line num="139" count="0" type="stmt"/>
    </file>
    <file name="mcp-server-consolidated.js" path="/Users/nczitzer/WebstormProjects/mcp-servicenow-nodejs/src/mcp-server-consolidated.js">
      <metrics statements="395" coveredstatements="0" conditionals="320" coveredconditionals="0" methods="13" coveredmethods="0"/>
      <line num="10" count="0" type="stmt"/>
      <line num="25" count="0" type="stmt"/>
      <line num="26" count="0" type="stmt"/>
      <line num="27" count="0" type="stmt"/>
      <line num="34" count="0" type="stmt"/>
      <line num="39" count="0" type="stmt"/>
      <line num="40" count="0" type="stmt"/>
      <line num="41" count="0" type="stmt"/>
      <line num="42" count="0" type="stmt"/>
      <line num="43" count="0" type="stmt"/>
      <line num="46" count="0" type="stmt"/>
      <line num="47" count="0" type="cond" truecount="0" falsecount="5"/>
      <line num="48" count="0" type="stmt"/>
      <line num="52" count="0" type="stmt"/>
      <line num="54" count="0" type="stmt"/>
      <line num="58" count="0" type="stmt"/>
      <line num="59" count="0" type="stmt"/>
      <line num="61" count="0" type="stmt"/>
      <line num="1245" count="0" type="stmt"/>
      <line num="1246" count="0" type="stmt"/>
      <line num="1249" count="0" type="stmt"/>
      <line num="1250" count="0" type="stmt"/>
      <line num="1252" count="0" type="stmt"/>
      <line num="1253" count="0" type="cond" truecount="0" falsecount="46"/>
      <line num="1255" count="0" type="stmt"/>
      <line num="1258" count="0" type="cond" truecount="0" falsecount="2"/>
      <line num="1259" count="0" type="stmt"/>
      <line num="1260" count="0" type="stmt"/>
      <line num="1273" count="0" type="stmt"/>
      <line num="1276" count="0" type="stmt"/>
      <line num="1278" count="0" type="stmt"/>
      <line num="1280" count="0" type="stmt"/>
      <line num="1297" count="0" type="stmt"/>
      <line num="1298" count="0" type="stmt"/>
      <line num="1310" count="0" type="cond" truecount="0" falsecount="1"/>
      <line num="1312" count="0" type="stmt"/>
      <line num="1319" count="0" type="cond" truecount="0" falsecount="2"/>
      <line num="1320" count="0" type="stmt"/>
      <line num="1323" count="0" type="stmt"/>
      <line num="1325" count="0" type="stmt"/>
      <line num="1334" count="0" type="stmt"/>
      <line num="1335" count="0" type="stmt"/>
      <line num="1337" count="0" type="stmt"/>
      <line num="1338" count="0" type="cond" truecount="0" falsecount="2"/>
      <line num="1339" count="0" type="cond" truecount="0" falsecount="2"/>
      <line num="1341" count="0" type="stmt"/>
      <line num="1350" count="0" type="stmt"/>
      <line num="1352" count="0" type="stmt"/>
      <line num="1353" count="0" type="cond" truecount="0" falsecount="2"/>
      <line num="1355" count="0" type="stmt"/>
      <line num="1357" count="0" type="stmt"/>
      <line num="1366" count="0" type="stmt"/>
      <line num="1367" count="0" type="stmt"/>
      <line num="1369" count="0" type="stmt"/>
      <line num="1370" count="0" type="cond" truecount="0" falsecount="2"/>
      <line num="1371" count="0" type="cond" truecount="0" falsecount="2"/>
      <line num="1373" count="0" type="stmt"/>
      <line num="1382" count="0" type="stmt"/>
      <line num="1383" count="0" type="stmt"/>
      <line num="1385" count="0" type="cond" truecount="0" falsecount="2"/>
      <line num="1387" count="0" type="stmt"/>
      <line num="1388" count="0" type="stmt"/>
      <line num="1389" count="0" type="stmt"/>
      <line num="1395" count="0" type="stmt"/>
      <line num="1408" count="0" type="stmt"/>
      <line num="1418" count="0" type="stmt"/>
      <line num="1438" count="0" type="stmt"/>
      <line num="1440" count="0" type="stmt"/>
      <line num="1447" count="0" type="stmt"/>
      <line num="1449" count="0" type="cond" truecount="0" falsecount="5"/>
      <line num="1450" count="0" type="stmt"/>
      <line num="1453" count="0" type="stmt"/>
      <line num="1454" count="0" type="stmt"/>
      <line num="1455" count="0" type="stmt"/>
      <line num="1465" count="0" type="stmt"/>
      <line num="1475" count="0" type="cond" truecount="0" falsecount="1"/>
      <line num="1477" count="0" type="cond" truecount="0" falsecount="2"/>
      <line num="1478" count="0" type="cond" truecount="0" falsecount="4"/>
      <line num="1479" count="0" type="cond" truecount="0" falsecount="2"/>
      <line num="1481" count="0" type="cond" truecount="0" falsecount="4"/>
      <line num="1482" count="0" type="cond" truecount="0" falsecount="2"/>
      <line num="1485" count="0" type="stmt"/>
      <line num="1492" count="0" type="cond" truecount="0" falsecount="2"/>
      <line num="1493" count="0" type="stmt"/>
      <line num="1496" count="0" type="stmt"/>
      <line num="1498" count="0" type="stmt"/>
      <line num="1507" count="0" type="stmt"/>
      <line num="1508" count="0" type="stmt"/>
      <line num="1517" count="0" type="stmt"/>
      <line num="1518" count="0" type="stmt"/>
      <line num="1527" count="0" type="cond" truecount="0" falsecount="1"/>
      <line num="1529" count="0" type="stmt"/>
      <line num="1536" count="0" type="cond" truecount="0" falsecount="2"/>
      <line num="1537" count="0" type="stmt"/>
      <line num="1540" count="0" type="stmt"/>
      <line num="1542" count="0" type="stmt"/>
      <line num="1551" count="0" type="cond" truecount="0" falsecount="1"/>
      <line num="1553" count="0" type="stmt"/>
      <line num="1560" count="0" type="cond" truecount="0" falsecount="2"/>
      <line num="1561" count="0" type="stmt"/>
      <line num="1564" count="0" type="stmt"/>
      <line num="1566" count="0" type="stmt"/>
      <line num="1575" count="0" type="cond" truecount="0" falsecount="1"/>
      <line num="1577" count="0" type="stmt"/>
      <line num="1584" count="0" type="cond" truecount="0" falsecount="2"/>
      <line num="1585" count="0" type="stmt"/>
      <line num="1588" count="0" type="stmt"/>
      <line num="1590" count="0" type="stmt"/>
      <line num="1599" count="0" type="cond" truecount="0" falsecount="1"/>
      <line num="1601" count="0" type="cond" truecount="0" falsecount="2"/>
      <line num="1602" count="0" type="cond" truecount="0" falsecount="4"/>
      <line num="1603" count="0" type="cond" truecount="0" falsecount="2"/>
      <line num="1605" count="0" type="cond" truecount="0" falsecount="4"/>
      <line num="1606" count="0" type="cond" truecount="0" falsecount="2"/>
      <line num="1609" count="0" type="stmt"/>
      <line num="1616" count="0" type="cond" truecount="0" falsecount="2"/>
      <line num="1617" count="0" type="stmt"/>
      <line num="1620" count="0" type="stmt"/>
      <line num="1622" count="0" type="stmt"/>
      <line num="1631" count="0" type="cond" truecount="0" falsecount="1"/>
      <line num="1633" count="0" type="stmt"/>
      <line num="1640" count="0" type="cond" truecount="0" falsecount="2"/>
      <line num="1641" count="0" type="stmt"/>
      <line num="1644" count="0" type="stmt"/>
      <line num="1646" count="0" type="stmt"/>
      <line num="1655" count="0" type="cond" truecount="0" falsecount="3"/>
      <line num="1657" count="0" type="stmt"/>
      <line num="1660" count="0" type="stmt"/>
      <line num="1663" count="0" type="cond" truecount="0" falsecount="2"/>
      <line num="1664" count="0" type="stmt"/>
      <line num="1679" count="0" type="stmt"/>
      <line num="1686" count="0" type="cond" truecount="0" falsecount="2"/>
      <line num="1687" count="0" type="stmt"/>
      <line num="1690" count="0" type="stmt"/>
      <line num="1693" count="0" type="stmt"/>
      <line num="1703" count="0" type="cond" truecount="0" falsecount="4"/>
      <line num="1704" count="0" type="stmt"/>
      <line num="1705" count="0" type="stmt"/>
      <line num="1706" count="0" type="stmt"/>
      <line num="1708" count="0" type="stmt"/>
      <line num="1712" count="0" type="cond" truecount="0" falsecount="4"/>
      <line num="1713" count="0" type="stmt"/>
      <line num="1717" count="0" type="cond" truecount="0" falsecount="2"/>
      <line num="1718" count="0" type="stmt"/>
      <line num="1720" count="0" type="stmt"/>
      <line num="1723" count="0" type="stmt"/>
      <line num="1732" count="0" type="stmt"/>
      <line num="1734" count="0" type="stmt"/>
      <line num="1736" count="0" type="stmt"/>
      <line num="1738" count="0" type="stmt"/>
      <line num="1740" count="0" type="cond" truecount="0" falsecount="2"/>
      <line num="1741" count="0" type="stmt"/>
      <line num="1760" count="0" type="stmt"/>
      <line num="1774" count="0" type="stmt"/>
      <line num="1776" count="0" type="stmt"/>
      <line num="1778" count="0" type="stmt"/>
      <line num="1779" count="0" type="stmt"/>
      <line num="1781" count="0" type="stmt"/>
      <line num="1782" count="0" type="stmt"/>
      <line num="1784" count="0" type="stmt"/>
      <line num="1785" count="0" type="stmt"/>
      <line num="1786" count="0" type="stmt"/>
      <line num="1788" count="0" type="stmt"/>
      <line num="1793" count="0" type="stmt"/>
      <line num="1817" count="0" type="stmt"/>
      <line num="1819" count="0" type="stmt"/>
      <line num="1841" count="0" type="stmt"/>
      <line num="1843" count="0" type="stmt"/>
      <line num="1852" count="0" type="cond" truecount="0" falsecount="1"/>
      <line num="1854" count="0" type="stmt"/>
      <line num="1861" count="0" type="cond" truecount="0" falsecount="2"/>
      <line num="1862" count="0" type="stmt"/>
      <line num="1865" count="0" type="stmt"/>
      <line num="1867" count="0" type="stmt"/>
      <line num="1876" count="0" type="stmt"/>
      <line num="1878" count="0" type="stmt"/>
      <line num="1880" count="0" type="stmt"/>
      <line num="1881" count="0" type="stmt"/>
      <line num="1883" count="0" type="stmt"/>
      <line num="1895" count="0" type="stmt"/>
      <line num="1896" count="0" type="stmt"/>
      <line num="1911" count="0" type="stmt"/>
      <line num="1913" count="0" type="stmt"/>
      <line num="1915" count="0" type="stmt"/>
      <line num="1917" count="0" type="stmt"/>
      <line num="1919" count="0" type="stmt"/>
      <line num="1943" count="0" type="stmt"/>
      <line num="1946" count="0" type="stmt"/>
      <line num="1947" count="0" type="stmt"/>
      <line num="1948" count="0" type="stmt"/>
      <line num="1949" count="0" type="stmt"/>
      <line num="1951" count="0" type="stmt"/>
      <line num="1952" count="0" type="stmt"/>
      <line num="1954" count="0" type="stmt"/>
      <line num="1955" count="0" type="stmt"/>
      <line num="1957" count="0" type="stmt"/>
      <line num="1978" count="0" type="stmt"/>
      <line num="1980" count="0" type="stmt"/>
      <line num="2000" count="0" type="cond" truecount="0" falsecount="1"/>
      <line num="2002" count="0" type="stmt"/>
      <line num="2005" count="0" type="stmt"/>
      <line num="2006" count="0" type="stmt"/>
      <line num="2009" count="0" type="stmt"/>
      <line num="2010" count="0" type="stmt"/>
      <line num="2013" count="0" type="stmt"/>
      <line num="2014" count="0" type="stmt"/>
      <line num="2015" count="0" type="stmt"/>
      <line num="2017" count="0" type="stmt"/>
      <line num="2036" count="0" type="stmt"/>
      <line num="2038" count="0" type="stmt"/>
      <line num="2065" count="0" type="stmt"/>
      <line num="2067" count="0" type="stmt"/>
      <line num="2068" count="0" type="stmt"/>
      <line num="2077" count="0" type="stmt"/>
      <line num="2086" count="0" type="cond" truecount="0" falsecount="2"/>
      <line num="2088" count="0" type="stmt"/>
      <line num="2089" count="0" type="stmt"/>
      <line num="2091" count="0" type="stmt"/>
      <line num="2100" count="0" type="cond" truecount="0" falsecount="2"/>
      <line num="2102" count="0" type="stmt"/>
      <line num="2103" count="0" type="stmt"/>
      <line num="2105" count="0" type="stmt"/>
      <line num="2114" count="0" type="cond" truecount="0" falsecount="1"/>
      <line num="2116" count="0" type="stmt"/>
      <line num="2117" count="0" type="stmt"/>
      <line num="2119" count="0" type="stmt"/>
      <line num="2128" count="0" type="cond" truecount="0" falsecount="1"/>
      <line num="2130" count="0" type="stmt"/>
      <line num="2131" count="0" type="stmt"/>
      <line num="2133" count="0" type="stmt"/>
      <line num="2142" count="0" type="cond" truecount="0" falsecount="2"/>
      <line num="2144" count="0" type="stmt"/>
      <line num="2145" count="0" type="stmt"/>
      <line num="2150" count="0" type="stmt"/>
      <line num="2159" count="0" type="cond" truecount="0" falsecount="2"/>
      <line num="2161" count="0" type="stmt"/>
      <line num="2164" count="0" type="stmt"/>
      <line num="2174" count="0" type="stmt"/>
      <line num="2176" count="0" type="stmt"/>
      <line num="2187" count="0" type="stmt"/>
      <line num="2200" count="0" type="stmt"/>
      <line num="2202" count="0" type="stmt"/>
      <line num="2204" count="0" type="stmt"/>
      <line num="2213" count="0" type="stmt"/>
      <line num="2215" count="0" type="stmt"/>
      <line num="2231" count="0" type="stmt"/>
      <line num="2233" count="0" type="stmt"/>
      <line num="2235" count="0" type="stmt"/>
      <line num="2242" count="0" type="stmt"/>
      <line num="2243" count="0" type="cond" truecount="0" falsecount="2"/>
      <line num="2244" count="0" type="stmt"/>
      <line num="2249" count="0" type="stmt"/>
      <line num="2250" count="0" type="stmt"/>
      <line num="2251" count="0" type="stmt"/>
      <line num="2254" count="0" type="stmt"/>
      <line num="2256" count="0" type="stmt"/>
      <line num="2272" count="0" type="stmt"/>
      <line num="2274" count="0" type="stmt"/>
      <line num="2276" count="0" type="stmt"/>
      <line num="2278" count="0" type="stmt"/>
      <line num="2293" count="0" type="cond" truecount="0" falsecount="1"/>
      <line num="2295" count="0" type="stmt"/>
      <line num="2297" count="0" type="stmt"/>
      <line num="2305" count="0" type="stmt"/>
      <line num="2313" count="0" type="cond" truecount="0" falsecount="2"/>
      <line num="2315" count="0" type="cond" truecount="0" falsecount="2"/>
      <line num="2324" count="0" type="cond" truecount="0" falsecount="1"/>
      <line num="2326" count="0" type="stmt"/>
      <line num="2328" count="0" type="stmt"/>
      <line num="2330" count="0" type="stmt"/>
      <line num="2350" count="0" type="stmt"/>
      <line num="2353" count="0" type="stmt"/>
      <line num="2358" count="0" type="cond" truecount="0" falsecount="4"/>
      <line num="2359" count="0" type="stmt"/>
      <line num="2362" count="0" type="stmt"/>
      <line num="2365" count="0" type="stmt"/>
      <line num="2369" count="0" type="stmt"/>
      <line num="2385" count="0" type="stmt"/>
      <line num="2388" count="0" type="stmt"/>
      <line num="2393" count="0" type="cond" truecount="0" falsecount="4"/>
      <line num="2394" count="0" type="stmt"/>
      <line num="2397" count="0" type="stmt"/>
      <line num="2400" count="0" type="stmt"/>
      <line num="2404" count="0" type="stmt"/>
      <line num="2420" count="0" type="stmt"/>
      <line num="2423" count="0" type="stmt"/>
      <line num="2428" count="0" type="cond" truecount="0" falsecount="4"/>
      <line num="2429" count="0" type="stmt"/>
      <line num="2432" count="0" type="stmt"/>
      <line num="2435" count="0" type="stmt"/>
      <line num="2436" count="0" type="cond" truecount="0" falsecount="2"/>
      <line num="2437" count="0" type="stmt"/>
      <line num="2442" count="0" type="cond" truecount="0" falsecount="4"/>
      <line num="2443" count="0" type="stmt"/>
      <line num="2446" count="0" type="stmt"/>
      <line num="2450" count="0" type="stmt"/>
      <line num="2451" count="0" type="cond" truecount="0" falsecount="4"/>
      <line num="2452" count="0" type="stmt"/>
      <line num="2457" count="0" type="cond" truecount="0" falsecount="4"/>
      <line num="2458" count="0" type="stmt"/>
      <line num="2461" count="0" type="stmt"/>
      <line num="2465" count="0" type="stmt"/>
      <line num="2469" count="0" type="cond" truecount="0" falsecount="2"/>
      <line num="2470" count="0" type="stmt"/>
      <line num="2473" count="0" type="stmt"/>
      <line num="2475" count="0" type="stmt"/>
      <line num="2492" count="0" type="stmt"/>
      <line num="2495" count="0" type="stmt"/>
      <line num="2500" count="0" type="cond" truecount="0" falsecount="4"/>
      <line num="2501" count="0" type="stmt"/>
      <line num="2504" count="0" type="stmt"/>
      <line num="2507" count="0" type="stmt"/>
      <line num="2512" count="0" type="cond" truecount="0" falsecount="2"/>
      <line num="2513" count="0" type="stmt"/>
      <line num="2516" count="0" type="stmt"/>
      <line num="2518" count="0" type="stmt"/>
      <line num="2536" count="0" type="stmt"/>
      <line num="2539" count="0" type="stmt"/>
      <line num="2544" count="0" type="cond" truecount="0" falsecount="4"/>
      <line num="2545" count="0" type="stmt"/>
      <line num="2548" count="0" type="stmt"/>
      <line num="2551" count="0" type="stmt"/>
      <line num="2556" count="0" type="cond" truecount="0" falsecount="2"/>
      <line num="2557" count="0" type="stmt"/>
      <line num="2560" count="0" type="stmt"/>
      <line num="2562" count="0" type="stmt"/>
      <line num="2581" count="0" type="stmt"/>
      <line num="2584" count="0" type="stmt"/>
      <line num="2589" count="0" type="cond" truecount="0" falsecount="4"/>
      <line num="2590" count="0" type="stmt"/>
      <line num="2593" count="0" type="stmt"/>
      <line num="2596" count="0" type="stmt"/>
      <line num="2600" count="0" type="stmt"/>
      <line num="2616" count="0" type="stmt"/>
      <line num="2619" count="0" type="stmt"/>
      <line num="2624" count="0" type="cond" truecount="0" falsecount="4"/>
      <line num="2625" count="0" type="stmt"/>
      <line num="2628" count="0" type="stmt"/>
      <line num="2631" count="0" type="stmt"/>
      <line num="2632" count="0" type="cond" truecount="0" falsecount="2"/>
      <line num="2633" count="0" type="stmt"/>
      <line num="2638" count="0" type="cond" truecount="0" falsecount="4"/>
      <line num="2639" count="0" type="stmt"/>
      <line num="2642" count="0" type="stmt"/>
      <line num="2646" count="0" type="stmt"/>
      <line num="2647" count="0" type="cond" truecount="0" falsecount="4"/>
      <line num="2648" count="0" type="stmt"/>
      <line num="2653" count="0" type="cond" truecount="0" falsecount="4"/>
      <line num="2654" count="0" type="stmt"/>
      <line num="2657" count="0" type="stmt"/>
      <line num="2661" count="0" type="stmt"/>
      <line num="2665" count="0" type="cond" truecount="0" falsecount="2"/>
      <line num="2666" count="0" type="stmt"/>
      <line num="2669" count="0" type="stmt"/>
      <line num="2671" count="0" type="stmt"/>
      <line num="2688" count="0" type="stmt"/>
      <line num="2691" count="0" type="stmt"/>
      <line num="2696" count="0" type="cond" truecount="0" falsecount="4"/>
      <line num="2697" count="0" type="stmt"/>
      <line num="2700" count="0" type="stmt"/>
      <line num="2703" count="0" type="stmt"/>
      <line num="2707" count="0" type="cond" truecount="0" falsecount="2"/>
      <line num="2708" count="0" type="stmt"/>
      <line num="2711" count="0" type="stmt"/>
      <line num="2713" count="0" type="stmt"/>
      <line num="2731" count="0" type="stmt"/>
      <line num="2734" count="0" type="stmt"/>
      <line num="2739" count="0" type="cond" truecount="0" falsecount="4"/>
      <line num="2740" count="0" type="stmt"/>
      <line num="2743" count="0" type="stmt"/>
      <line num="2746" count="0" type="stmt"/>
      <line num="2750" count="0" type="stmt"/>
      <line num="2766" count="0" type="stmt"/>
      <line num="2769" count="0" type="stmt"/>
      <line num="2774" count="0" type="cond" truecount="0" falsecount="4"/>
      <line num="2775" count="0" type="stmt"/>
      <line num="2778" count="0" type="stmt"/>
      <line num="2781" count="0" type="stmt"/>
      <line num="2786" count="0" type="cond" truecount="0" falsecount="2"/>
      <line num="2787" count="0" type="stmt"/>
      <line num="2790" count="0" type="stmt"/>
      <line num="2792" count="0" type="stmt"/>
      <line num="2810" count="0" type="stmt"/>
      <line num="2813" count="0" type="stmt"/>
      <line num="2824" count="0" type="stmt"/>
      <line num="2825" count="0" type="stmt"/>
      <line num="2843" count="0" type="stmt"/>
      <line num="2844" count="0" type="stmt"/>
      <line num="2846" count="0" type="cond" truecount="0" falsecount="2"/>
      <line num="2847" count="0" type="stmt"/>
      <line num="2864" count="0" type="stmt"/>
      <line num="2873" count="0" type="cond" truecount="0" falsecount="2"/>
      <line num="2874" count="0" type="stmt"/>
      <line num="2883" count="0" type="stmt"/>
      <line num="2886" count="0" type="stmt"/>
    </file>
    <file name="natural-language.js" path="/Users/nczitzer/WebstormProjects/mcp-servicenow-nodejs/src/natural-language.js">
      <metrics statements="83" coveredstatements="0" conditionals="40" coveredconditionals="0" methods="25" coveredmethods="0"/>
      <line num="13" count="0" type="stmt"/>
      <line num="51" count="0" type="stmt"/>
      <line num="67" count="0" type="stmt"/>
      <line num="76" count="0" type="stmt"/>
      <line num="86" count="0" type="stmt"/>
      <line num="92" count="0" type="stmt"/>
      <line num="93" count="0" type="stmt"/>
      <line num="100" count="0" type="stmt"/>
      <line num="107" count="0" type="stmt"/>
      <line num="108" count="0" type="cond" truecount="0" falsecount="2"/>
      <line num="117" count="0" type="stmt"/>
      <line num="118" count="0" type="stmt"/>
      <line num="127" count="0" type="stmt"/>
      <line num="128" count="0" type="stmt"/>
      <line num="136" count="0" type="stmt"/>
      <line num="141" count="0" type="stmt"/>
      <line num="147" count="0" type="stmt"/>
      <line num="149" count="0" type="stmt"/>
      <line num="158" count="0" type="cond" truecount="0" falsecount="2"/>
      <line num="159" count="0" type="cond" truecount="0" falsecount="2"/>
      <line num="160" count="0" type="stmt"/>
      <line num="167" count="0" type="cond" truecount="0" falsecount="2"/>
      <line num="168" count="0" type="stmt"/>
      <line num="169" count="0" type="stmt"/>
      <line num="171" count="0" type="stmt"/>
      <line num="172" count="0" type="cond" truecount="0" falsecount="2"/>
      <line num="173" count="0" type="cond" truecount="0" falsecount="2"/>
      <line num="175" count="0" type="stmt"/>
      <line num="181" count="0" type="stmt"/>
      <line num="187" count="0" type="cond" truecount="0" falsecount="2"/>
      <line num="189" count="0" type="stmt"/>
      <line num="196" count="0" type="cond" truecount="0" falsecount="2"/>
      <line num="197" count="0" type="stmt"/>
      <line num="206" count="0" type="stmt"/>
      <line num="207" count="0" type="cond" truecount="0" falsecount="2"/>
      <line num="208" count="0" type="cond" truecount="0" falsecount="2"/>
      <line num="217" count="0" type="stmt"/>
      <line num="218" count="0" type="stmt"/>
      <line num="225" count="0" type="stmt"/>
      <line num="226" count="0" type="stmt"/>
      <line num="234" count="0" type="stmt"/>
      <line num="242" count="0" type="stmt"/>
      <line num="243" count="0" type="stmt"/>
      <line num="252" count="0" type="stmt"/>
      <line num="253" count="0" type="stmt"/>
      <line num="262" count="0" type="stmt"/>
      <line num="263" count="0" type="stmt"/>
      <line num="276" count="0" type="cond" truecount="0" falsecount="4"/>
      <line num="277" count="0" type="stmt"/>
      <line num="285" count="0" type="stmt"/>
      <line num="286" count="0" type="stmt"/>
      <line num="287" count="0" type="stmt"/>
      <line num="288" count="0" type="stmt"/>
      <line num="289" count="0" type="stmt"/>
      <line num="292" count="0" type="stmt"/>
      <line num="295" count="0" type="stmt"/>
      <line num="296" count="0" type="stmt"/>
      <line num="297" count="0" type="cond" truecount="0" falsecount="2"/>
      <line num="298" count="0" type="stmt"/>
      <line num="299" count="0" type="stmt"/>
      <line num="300" count="0" type="stmt"/>
      <line num="301" count="0" type="stmt"/>
      <line num="308" count="0" type="stmt"/>
      <line num="310" count="0" type="stmt"/>
      <line num="316" count="0" type="stmt"/>
      <line num="317" count="0" type="stmt"/>
      <line num="320" count="0" type="stmt"/>
      <line num="321" count="0" type="cond" truecount="0" falsecount="2"/>
      <line num="323" count="0" type="cond" truecount="0" falsecount="2"/>
      <line num="324" count="0" type="stmt"/>
      <line num="328" count="0" type="stmt"/>
      <line num="334" count="0" type="cond" truecount="0" falsecount="2"/>
      <line num="335" count="0" type="stmt"/>
      <line num="336" count="0" type="stmt"/>
      <line num="337" count="0" type="stmt"/>
      <line num="341" count="0" type="cond" truecount="0" falsecount="2"/>
      <line num="343" count="0" type="cond" truecount="0" falsecount="2"/>
      <line num="344" count="0" type="stmt"/>
      <line num="352" count="0" type="stmt"/>
      <line num="368" count="0" type="stmt"/>
      <line num="383" count="0" type="stmt"/>
      <line num="400" count="0" type="stmt"/>
      <line num="412" count="0" type="stmt"/>
    </file>
    <file name="resources.js" path="/Users/nczitzer/WebstormProjects/mcp-servicenow-nodejs/src/resources.js">
      <metrics statements="78" coveredstatements="0" conditionals="53" coveredconditionals="0" methods="8" coveredmethods="0"/>
      <line num="10" count="0" type="stmt"/>
      <line num="11" count="0" type="stmt"/>
      <line num="12" count="0" type="stmt"/>
      <line num="14" count="0" type="stmt"/>
      <line num="71" count="0" type="stmt"/>
      <line num="72" count="0" type="cond" truecount="0" falsecount="2"/>
      <line num="73" count="0" type="stmt"/>
      <line num="96" count="0" type="stmt"/>
      <line num="97" count="0" type="stmt"/>
      <line num="103" count="0" type="stmt"/>
      <line num="104" count="0" type="stmt"/>
      <line num="107" count="0" type="stmt"/>
      <line num="108" count="0" type="stmt"/>
      <line num="110" count="0" type="cond" truecount="0" falsecount="2"/>
      <line num="111" count="0" type="stmt"/>
      <line num="114" count="0" type="stmt"/>
      <line num="117" count="0" type="cond" truecount="0" falsecount="1"/>
      <line num="118" count="0" type="stmt"/>
      <line num="119" count="0" type="stmt"/>
      <line num="129" count="0" type="stmt"/>
      <line num="139" count="0" type="cond" truecount="0" falsecount="4"/>
      <line num="140" count="0" type="stmt"/>
      <line num="141" count="0" type="stmt"/>
      <line num="145" count="0" type="cond" truecount="0" falsecount="4"/>
      <line num="146" count="0" type="stmt"/>
      <line num="154" count="0" type="stmt"/>
      <line num="158" count="0" type="stmt"/>
      <line num="159" count="0" type="stmt"/>
      <line num="162" count="0" type="stmt"/>
      <line num="165" count="0" type="cond" truecount="0" falsecount="2"/>
      <line num="166" count="0" type="stmt"/>
      <line num="167" count="0" type="stmt"/>
      <line num="170" count="0" type="stmt"/>
      <line num="172" count="0" type="cond" truecount="0" falsecount="2"/>
      <line num="173" count="0" type="stmt"/>
      <line num="174" count="0" type="stmt"/>
      <line num="175" count="0" type="stmt"/>
      <line num="194" count="0" type="stmt"/>
      <line num="198" count="0" type="cond" truecount="0" falsecount="2"/>
      <line num="199" count="0" type="stmt"/>
      <line num="204" count="0" type="stmt"/>
      <line num="208" count="0" type="cond" truecount="0" falsecount="4"/>
      <line num="209" count="0" type="stmt"/>
      <line num="210" count="0" type="stmt"/>
      <line num="214" count="0" type="cond" truecount="0" falsecount="2"/>
      <line num="215" count="0" type="stmt"/>
      <line num="217" count="0" type="stmt"/>
      <line num="221" count="0" type="cond" truecount="0" falsecount="2"/>
      <line num="222" count="0" type="stmt"/>
      <line num="227" count="0" type="stmt"/>
      <line num="231" count="0" type="cond" truecount="0" falsecount="2"/>
      <line num="232" count="0" type="stmt"/>
      <line num="238" count="0" type="stmt"/>
      <line num="242" count="0" type="cond" truecount="0" falsecount="4"/>
      <line num="243" count="0" type="stmt"/>
      <line num="246" count="0" type="stmt"/>
      <line num="249" count="0" type="stmt"/>
      <line num="256" count="0" type="stmt"/>
      <line num="257" count="0" type="stmt"/>
      <line num="258" count="0" type="cond" truecount="0" falsecount="2"/>
      <line num="259" count="0" type="cond" truecount="0" falsecount="2"/>
      <line num="260" count="0" type="stmt"/>
      <line num="262" count="0" type="stmt"/>
      <line num="263" count="0" type="stmt"/>
      <line num="269" count="0" type="stmt"/>
      <line num="278" count="0" type="stmt"/>
      <line num="285" count="0" type="stmt"/>
      <line num="289" count="0" type="cond" truecount="0" falsecount="2"/>
      <line num="290" count="0" type="stmt"/>
      <line num="295" count="0" type="stmt"/>
      <line num="299" count="0" type="cond" truecount="0" falsecount="2"/>
      <line num="300" count="0" type="stmt"/>
      <line num="305" count="0" type="stmt"/>
      <line num="308" count="0" type="stmt"/>
      <line num="311" count="0" type="cond" truecount="0" falsecount="2"/>
      <line num="312" count="0" type="stmt"/>
      <line num="313" count="0" type="stmt"/>
      <line num="318" count="0" type="stmt"/>
    </file>
    <file name="script-sync.js" path="/Users/nczitzer/WebstormProjects/mcp-servicenow-nodejs/src/script-sync.js">
      <metrics statements="111" coveredstatements="12" conditionals="47" coveredconditionals="6" methods="10" coveredmethods="2"/>
      <line num="21" count="1" type="stmt"/>
      <line num="67" count="10" type="stmt"/>
      <line num="70" count="10" type="cond" truecount="2" falsecount="0"/>
      <line num="71" count="1" type="stmt"/>
      <line num="74" count="9" type="stmt"/>
      <line num="75" count="9" type="stmt"/>
      <line num="76" count="9" type="stmt"/>
      <line num="78" count="9" type="cond" truecount="4" falsecount="0"/>
      <line num="79" count="2" type="stmt"/>
      <line num="82" count="7" type="stmt"/>
      <line num="97" count="4" type="stmt"/>
      <line num="98" count="4" type="stmt"/>
      <line num="114" count="0" type="stmt"/>
      <line num="117" count="0" type="stmt"/>
      <line num="118" count="0" type="cond" truecount="0" falsecount="2"/>
      <line num="119" count="0" type="stmt"/>
      <line num="122" count="0" type="stmt"/>
      <line num="132" count="0" type="stmt"/>
      <line num="134" count="0" type="stmt"/>
      <line num="135" count="0" type="cond" truecount="0" falsecount="2"/>
      <line num="136" count="0" type="stmt"/>
      <line num="137" count="0" type="stmt"/>
      <line num="138" count="0" type="stmt"/>
      <line num="140" count="0" type="stmt"/>
      <line num="144" count="0" type="stmt"/>
      <line num="146" count="0" type="cond" truecount="0" falsecount="2"/>
      <line num="148" count="0" type="stmt"/>
      <line num="154" count="0" type="cond" truecount="0" falsecount="2"/>
      <line num="155" count="0" type="stmt"/>
      <line num="158" count="0" type="stmt"/>
      <line num="159" count="0" type="cond" truecount="0" falsecount="2"/>
      <line num="162" count="0" type="stmt"/>
      <line num="177" count="0" type="stmt"/>
      <line num="178" count="0" type="stmt"/>
      <line num="181" count="0" type="stmt"/>
      <line num="183" count="0" type="stmt"/>
      <line num="184" count="0" type="stmt"/>
      <line num="185" count="0" type="stmt"/>
      <line num="187" count="0" type="cond" truecount="0" falsecount="2"/>
      <line num="190" count="0" type="stmt"/>
      <line num="191" count="0" type="stmt"/>
      <line num="193" count="0" type="stmt"/>
      <line num="197" count="0" type="stmt"/>
      <line num="198" count="0" type="stmt"/>
      <line num="199" count="0" type="cond" truecount="0" falsecount="2"/>
      <line num="200" count="0" type="stmt"/>
      <line num="204" count="0" type="stmt"/>
      <line num="210" count="0" type="cond" truecount="0" falsecount="2"/>
      <line num="211" count="0" type="stmt"/>
      <line num="214" count="0" type="stmt"/>
      <line num="217" count="0" type="stmt"/>
      <line num="221" count="0" type="stmt"/>
      <line num="222" count="0" type="stmt"/>
      <line num="223" count="0" type="stmt"/>
      <line num="226" count="0" type="stmt"/>
      <line num="230" count="0" type="stmt"/>
      <line num="231" count="0" type="stmt"/>
      <line num="234" count="0" type="stmt"/>
      <line num="248" count="0" type="stmt"/>
      <line num="250" count="0" type="stmt"/>
      <line num="260" count="0" type="stmt"/>
      <line num="262" count="0" type="stmt"/>
      <line num="265" count="0" type="stmt"/>
      <line num="268" count="0" type="stmt"/>
      <line num="269" count="0" type="stmt"/>
      <line num="270" count="0" type="cond" truecount="0" falsecount="2"/>
      <line num="273" count="0" type="cond" truecount="0" falsecount="4"/>
      <line num="274" count="0" type="stmt"/>
      <line num="277" count="0" type="stmt"/>
      <line num="280" count="0" type="stmt"/>
      <line num="283" count="0" type="stmt"/>
      <line num="284" count="0" type="stmt"/>
      <line num="285" count="0" type="stmt"/>
      <line num="287" count="0" type="stmt"/>
      <line num="288" count="0" type="stmt"/>
      <line num="296" count="0" type="stmt"/>
      <line num="298" count="0" type="cond" truecount="0" falsecount="2"/>
      <line num="299" count="0" type="stmt"/>
      <line num="301" count="0" type="stmt"/>
      <line num="304" count="0" type="stmt"/>
      <line num="311" count="0" type="stmt"/>
      <line num="316" count="0" type="stmt"/>
      <line num="319" count="0" type="stmt"/>
      <line num="338" count="0" type="cond" truecount="0" falsecount="1"/>
      <line num="341" count="0" type="stmt"/>
      <line num="344" count="0" type="stmt"/>
      <line num="355" count="0" type="stmt"/>
      <line num="357" count="0" type="cond" truecount="0" falsecount="2"/>
      <line num="358" count="0" type="stmt"/>
      <line num="361" count="0" type="stmt"/>
      <line num="362" count="0" type="stmt"/>
      <line num="365" count="0" type="cond" truecount="0" falsecount="2"/>
      <line num="366" count="0" type="stmt"/>
      <line num="370" count="0" type="cond" truecount="0" falsecount="4"/>
      <line num="371" count="0" type="stmt"/>
      <line num="375" count="0" type="stmt"/>
      <line num="377" count="0" type="stmt"/>
      <line num="378" count="0" type="cond" truecount="0" falsecount="2"/>
      <line num="379" count="0" type="stmt"/>
      <line num="387" count="0" type="cond" truecount="0" falsecount="2"/>
      <line num="388" count="0" type="stmt"/>
      <line num="392" count="0" type="cond" truecount="0" falsecount="2"/>
      <line num="393" count="0" type="stmt"/>
      <line num="403" count="0" type="stmt"/>
      <line num="404" count="0" type="stmt"/>
      <line num="410" count="0" type="stmt"/>
      <line num="411" count="0" type="stmt"/>
      <line num="414" count="0" type="stmt"/>
      <line num="415" count="0" type="stmt"/>
      <line num="419" count="0" type="stmt"/>
      <line num="422" count="0" type="stmt"/>
    </file>
    <file name="servicenow-client.js" path="/Users/nczitzer/WebstormProjects/mcp-servicenow-nodejs/src/servicenow-client.js">
      <metrics statements="447" coveredstatements="0" conditionals="410" coveredconditionals="0" methods="102" coveredmethods="0"/>
      <line num="5" count="0" type="stmt"/>
      <line num="6" count="0" type="stmt"/>
      <line num="7" count="0" type="stmt"/>
      <line num="15" count="0" type="stmt"/>
      <line num="23" count="0" type="cond" truecount="0" falsecount="2"/>
      <line num="24" count="0" type="stmt"/>
      <line num="36" count="0" type="stmt"/>
      <line num="37" count="0" type="stmt"/>
      <line num="39" count="0" type="cond" truecount="0" falsecount="2"/>
      <line num="40" count="0" type="stmt"/>
      <line num="43" count="0" type="stmt"/>
      <line num="58" count="0" type="stmt"/>
      <line num="66" count="0" type="stmt"/>
      <line num="67" count="0" type="cond" truecount="0" falsecount="2"/>
      <line num="68" count="0" type="cond" truecount="0" falsecount="2"/>
      <line num="69" count="0" type="cond" truecount="0" falsecount="2"/>
      <line num="71" count="0" type="stmt"/>
      <line num="72" count="0" type="stmt"/>
      <line num="76" count="0" type="stmt"/>
      <line num="77" count="0" type="cond" truecount="0" falsecount="2"/>
      <line num="78" count="0" type="cond" truecount="0" falsecount="2"/>
      <line num="79" count="0" type="cond" truecount="0" falsecount="2"/>
      <line num="81" count="0" type="stmt"/>
      <line num="82" count="0" type="cond" truecount="0" falsecount="2"/>
      <line num="84" count="0" type="stmt"/>
      <line num="85" count="0" type="stmt"/>
      <line num="89" count="0" type="stmt"/>
      <line num="90" count="0" type="stmt"/>
      <line num="94" count="0" type="stmt"/>
      <line num="95" count="0" type="stmt"/>
      <line num="99" count="0" type="stmt"/>
      <line num="100" count="0" type="stmt"/>
      <line num="105" count="0" type="stmt"/>
      <line num="107" count="0" type="stmt"/>
      <line num="110" count="0" type="stmt"/>
      <line num="123" count="0" type="stmt"/>
      <line num="128" count="0" type="stmt"/>
      <line num="136" count="0" type="stmt"/>
      <line num="144" count="0" type="stmt"/>
      <line num="146" count="0" type="stmt"/>
      <line num="147" count="0" type="stmt"/>
      <line num="169" count="0" type="stmt"/>
      <line num="170" count="0" type="stmt"/>
      <line num="182" count="0" type="stmt"/>
      <line num="183" count="0" type="stmt"/>
      <line num="188" count="0" type="stmt"/>
      <line num="192" count="0" type="stmt"/>
      <line num="194" count="0" type="stmt"/>
      <line num="197" count="0" type="stmt"/>
      <line num="209" count="0" type="stmt"/>
      <line num="214" count="0" type="stmt"/>
      <line num="221" count="0" type="stmt"/>
      <line num="228" count="0" type="stmt"/>
      <line num="229" count="0" type="stmt"/>
      <line num="235" count="0" type="stmt"/>
      <line num="239" count="0" type="stmt"/>
      <line num="243" count="0" type="cond" truecount="0" falsecount="2"/>
      <line num="247" count="0" type="stmt"/>
      <line num="251" count="0" type="stmt"/>
      <line num="256" count="0" type="stmt"/>
      <line num="260" count="0" type="stmt"/>
      <line num="264" count="0" type="stmt"/>
      <line num="269" count="0" type="stmt"/>
      <line num="273" count="0" type="stmt"/>
      <line num="278" count="0" type="stmt"/>
      <line num="282" count="0" type="stmt"/>
      <line num="286" count="0" type="cond" truecount="0" falsecount="2"/>
      <line num="290" count="0" type="stmt"/>
      <line num="294" count="0" type="stmt"/>
      <line num="299" count="0" type="stmt"/>
      <line num="303" count="0" type="stmt"/>
      <line num="307" count="0" type="cond" truecount="0" falsecount="2"/>
      <line num="311" count="0" type="stmt"/>
      <line num="315" count="0" type="stmt"/>
      <line num="320" count="0" type="stmt"/>
      <line num="324" count="0" type="stmt"/>
      <line num="328" count="0" type="stmt"/>
      <line num="333" count="0" type="stmt"/>
      <line num="337" count="0" type="stmt"/>
      <line num="341" count="0" type="stmt"/>
      <line num="346" count="0" type="stmt"/>
      <line num="353" count="0" type="stmt"/>
      <line num="357" count="0" type="cond" truecount="0" falsecount="2"/>
      <line num="358" count="0" type="stmt"/>
      <line num="360" count="0" type="stmt"/>
      <line num="365" count="0" type="stmt"/>
      <line num="369" count="0" type="stmt"/>
      <line num="374" count="0" type="stmt"/>
      <line num="378" count="0" type="stmt"/>
      <line num="382" count="0" type="stmt"/>
      <line num="387" count="0" type="stmt"/>
      <line num="391" count="0" type="stmt"/>
      <line num="395" count="0" type="stmt"/>
      <line num="400" count="0" type="cond" truecount="0" falsecount="2"/>
      <line num="401" count="0" type="stmt"/>
      <line num="402" count="0" type="stmt"/>
      <line num="407" count="0" type="cond" truecount="0" falsecount="2"/>
      <line num="408" count="0" type="stmt"/>
      <line num="411" count="0" type="stmt"/>
      <line num="419" count="0" type="stmt"/>
      <line num="423" count="0" type="stmt"/>
      <line num="427" count="0" type="stmt"/>
      <line num="431" count="0" type="stmt"/>
      <line num="436" count="0" type="stmt"/>
      <line num="440" count="0" type="stmt"/>
      <line num="444" count="0" type="stmt"/>
      <line num="449" count="0" type="stmt"/>
      <line num="453" count="0" type="stmt"/>
      <line num="457" count="0" type="stmt"/>
      <line num="462" count="0" type="stmt"/>
      <line num="466" count="0" type="stmt"/>
      <line num="471" count="0" type="stmt"/>
      <line num="477" count="0" type="stmt"/>
      <line num="478" count="0" type="stmt"/>
      <line num="479" count="0" type="stmt"/>
      <line num="480" count="0" type="stmt"/>
      <line num="481" count="0" type="stmt"/>
      <line num="482" count="0" type="stmt"/>
      <line num="484" count="0" type="stmt"/>
      <line num="489" count="0" type="stmt"/>
      <line num="494" count="0" type="stmt"/>
      <line num="498" count="0" type="stmt"/>
      <line num="503" count="0" type="stmt"/>
      <line num="504" count="0" type="cond" truecount="0" falsecount="2"/>
      <line num="505" count="0" type="stmt"/>
      <line num="507" count="0" type="stmt"/>
      <line num="512" count="0" type="stmt"/>
      <line num="516" count="0" type="stmt"/>
      <line num="521" count="0" type="stmt"/>
      <line num="523" count="0" type="stmt"/>
      <line num="524" count="0" type="stmt"/>
      <line num="527" count="0" type="stmt"/>
      <line num="528" count="0" type="stmt"/>
      <line num="529" count="0" type="stmt"/>
      <line num="533" count="0" type="stmt"/>
      <line num="534" count="0" type="stmt"/>
      <line num="535" count="0" type="cond" truecount="0" falsecount="2"/>
      <line num="537" count="0" type="stmt"/>
      <line num="541" count="0" type="stmt"/>
      <line num="551" count="0" type="cond" truecount="0" falsecount="2"/>
      <line num="552" count="0" type="stmt"/>
      <line num="565" count="0" type="stmt"/>
      <line num="570" count="0" type="stmt"/>
      <line num="579" count="0" type="stmt"/>
      <line num="588" count="0" type="stmt"/>
      <line num="593" count="0" type="stmt"/>
      <line num="601" count="0" type="stmt"/>
      <line num="602" count="0" type="stmt"/>
      <line num="605" count="0" type="stmt"/>
      <line num="606" count="0" type="cond" truecount="0" falsecount="2"/>
      <line num="607" count="0" type="cond" truecount="0" falsecount="2"/>
      <line num="608" count="0" type="cond" truecount="0" falsecount="4"/>
      <line num="609" count="0" type="cond" truecount="0" falsecount="2"/>
      <line num="612" count="0" type="stmt"/>
      <line num="613" count="0" type="stmt"/>
      <line num="614" count="0" type="stmt"/>
      <line num="615" count="0" type="stmt"/>
      <line num="617" count="0" type="stmt"/>
      <line num="618" count="0" type="stmt"/>
      <line num="619" count="0" type="stmt"/>
      <line num="621" count="0" type="stmt"/>
      <line num="623" count="0" type="stmt"/>
      <line num="626" count="0" type="cond" truecount="0" falsecount="2"/>
      <line num="627" count="0" type="stmt"/>
      <line num="628" count="0" type="stmt"/>
      <line num="631" count="0" type="cond" truecount="0" falsecount="2"/>
      <line num="632" count="0" type="stmt"/>
      <line num="633" count="0" type="stmt"/>
      <line num="636" count="0" type="stmt"/>
      <line num="642" count="0" type="cond" truecount="0" falsecount="2"/>
      <line num="643" count="0" type="stmt"/>
      <line num="646" count="0" type="cond" truecount="0" falsecount="2"/>
      <line num="647" count="0" type="stmt"/>
      <line num="648" count="0" type="stmt"/>
      <line num="654" count="0" type="cond" truecount="0" falsecount="2"/>
      <line num="655" count="0" type="stmt"/>
      <line num="656" count="0" type="cond" truecount="0" falsecount="2"/>
      <line num="657" count="0" type="stmt"/>
      <line num="659" count="0" type="stmt"/>
      <line num="663" count="0" type="stmt"/>
      <line num="666" count="0" type="stmt"/>
      <line num="670" count="0" type="stmt"/>
      <line num="677" count="0" type="stmt"/>
      <line num="678" count="0" type="stmt"/>
      <line num="681" count="0" type="stmt"/>
      <line num="682" count="0" type="cond" truecount="0" falsecount="2"/>
      <line num="683" count="0" type="cond" truecount="0" falsecount="2"/>
      <line num="684" count="0" type="cond" truecount="0" falsecount="4"/>
      <line num="685" count="0" type="cond" truecount="0" falsecount="2"/>
      <line num="688" count="0" type="stmt"/>
      <line num="689" count="0" type="stmt"/>
      <line num="690" count="0" type="stmt"/>
      <line num="691" count="0" type="stmt"/>
      <line num="692" count="0" type="stmt"/>
      <line num="695" count="0" type="cond" truecount="0" falsecount="2"/>
      <line num="696" count="0" type="stmt"/>
      <line num="697" count="0" type="stmt"/>
      <line num="700" count="0" type="stmt"/>
      <line num="707" count="0" type="cond" truecount="0" falsecount="2"/>
      <line num="708" count="0" type="stmt"/>
      <line num="711" count="0" type="cond" truecount="0" falsecount="2"/>
      <line num="712" count="0" type="stmt"/>
      <line num="713" count="0" type="stmt"/>
      <line num="719" count="0" type="cond" truecount="0" falsecount="2"/>
      <line num="720" count="0" type="stmt"/>
      <line num="721" count="0" type="cond" truecount="0" falsecount="2"/>
      <line num="722" count="0" type="stmt"/>
      <line num="724" count="0" type="stmt"/>
      <line num="728" count="0" type="stmt"/>
      <line num="729" count="0" type="stmt"/>
      <line num="735" count="0" type="stmt"/>
      <line num="742" count="0" type="stmt"/>
      <line num="750" count="0" type="stmt"/>
      <line num="765" count="0" type="stmt"/>
      <line num="773" count="0" type="stmt"/>
      <line num="788" count="0" type="stmt"/>
      <line num="796" count="0" type="stmt"/>
      <line num="808" count="0" type="stmt"/>
      <line num="816" count="0" type="stmt"/>
      <line num="823" count="0" type="stmt"/>
      <line num="830" count="0" type="stmt"/>
      <line num="835" count="0" type="stmt"/>
      <line num="844" count="0" type="stmt"/>
      <line num="852" count="0" type="stmt"/>
      <line num="854" count="0" type="cond" truecount="0" falsecount="2"/>
      <line num="855" count="0" type="stmt"/>
      <line num="861" count="0" type="stmt"/>
      <line num="864" count="0" type="cond" truecount="0" falsecount="2"/>
      <line num="865" count="0" type="stmt"/>
      <line num="877" count="0" type="stmt"/>
      <line num="880" count="0" type="cond" truecount="0" falsecount="2"/>
      <line num="881" count="0" type="stmt"/>
      <line num="882" count="0" type="stmt"/>
      <line num="883" count="0" type="stmt"/>
      <line num="885" count="0" type="cond" truecount="0" falsecount="2"/>
      <line num="886" count="0" type="stmt"/>
      <line num="889" count="0" type="stmt"/>
      <line num="904" count="0" type="cond" truecount="0" falsecount="2"/>
      <line num="905" count="0" type="stmt"/>
      <line num="909" count="0" type="cond" truecount="0" falsecount="2"/>
      <line num="910" count="0" type="stmt"/>
      <line num="911" count="0" type="stmt"/>
      <line num="912" count="0" type="stmt"/>
      <line num="914" count="0" type="cond" truecount="0" falsecount="2"/>
      <line num="915" count="0" type="stmt"/>
      <line num="919" count="0" type="cond" truecount="0" falsecount="2"/>
      <line num="923" count="0" type="cond" truecount="0" falsecount="2"/>
      <line num="928" count="0" type="stmt"/>
      <line num="929" count="0" type="cond" truecount="0" falsecount="4"/>
      <line num="930" count="0" type="stmt"/>
      <line num="938" count="0" type="stmt"/>
      <line num="942" count="0" type="stmt"/>
      <line num="949" count="0" type="stmt"/>
      <line num="953" count="0" type="cond" truecount="0" falsecount="4"/>
      <line num="954" count="0" type="cond" truecount="0" falsecount="2"/>
      <line num="956" count="0" type="cond" truecount="0" falsecount="2"/>
      <line num="960" count="0" type="stmt"/>
      <line num="961" count="0" type="stmt"/>
      <line num="962" count="0" type="stmt"/>
      <line num="965" count="0" type="cond" truecount="0" falsecount="2"/>
      <line num="966" count="0" type="stmt"/>
      <line num="969" count="0" type="stmt"/>
      <line num="971" count="0" type="stmt"/>
      <line num="983" count="0" type="stmt"/>
      <line num="985" count="0" type="stmt"/>
      <line num="986" count="0" type="stmt"/>
      <line num="993" count="0" type="stmt"/>
      <line num="996" count="0" type="cond" truecount="0" falsecount="2"/>
      <line num="997" count="0" type="cond" truecount="0" falsecount="2"/>
      <line num="998" count="0" type="stmt"/>
      <line num="999" count="0" type="stmt"/>
      <line num="1005" count="0" type="cond" truecount="0" falsecount="2"/>
      <line num="1006" count="0" type="cond" truecount="0" falsecount="2"/>
      <line num="1007" count="0" type="stmt"/>
      <line num="1008" count="0" type="cond" truecount="0" falsecount="2"/>
      <line num="1009" count="0" type="stmt"/>
      <line num="1011" count="0" type="stmt"/>
      <line num="1017" count="0" type="stmt"/>
      <line num="1018" count="0" type="cond" truecount="0" falsecount="2"/>
      <line num="1019" count="0" type="cond" truecount="0" falsecount="2"/>
      <line num="1020" count="0" type="stmt"/>
      <line num="1023" count="0" type="cond" truecount="0" falsecount="2"/>
      <line num="1026" count="0" type="stmt"/>
      <line num="1027" count="0" type="cond" truecount="0" falsecount="2"/>
      <line num="1028" count="0" type="cond" truecount="0" falsecount="2"/>
      <line num="1029" count="0" type="cond" truecount="0" falsecount="4"/>
      <line num="1030" count="0" type="cond" truecount="0" falsecount="2"/>
      <line num="1034" count="0" type="stmt"/>
      <line num="1035" count="0" type="stmt"/>
      <line num="1036" count="0" type="stmt"/>
      <line num="1037" count="0" type="stmt"/>
      <line num="1040" count="0" type="stmt"/>
      <line num="1041" count="0" type="stmt"/>
      <line num="1048" count="0" type="cond" truecount="0" falsecount="2"/>
      <line num="1049" count="0" type="stmt"/>
      <line num="1050" count="0" type="cond" truecount="0" falsecount="2"/>
      <line num="1053" count="0" type="stmt"/>
      <line num="1054" count="0" type="stmt"/>
      <line num="1059" count="0" type="cond" truecount="0" falsecount="2"/>
      <line num="1060" count="0" type="stmt"/>
      <line num="1065" count="0" type="cond" truecount="0" falsecount="2"/>
      <line num="1066" count="0" type="cond" truecount="0" falsecount="2"/>
      <line num="1067" count="0" type="stmt"/>
      <line num="1069" count="0" type="stmt"/>
      <line num="1073" count="0" type="stmt"/>
      <line num="1075" count="0" type="stmt"/>
      <line num="1081" count="0" type="stmt"/>
      <line num="1083" count="0" type="cond" truecount="0" falsecount="2"/>
      <line num="1084" count="0" type="stmt"/>
      <line num="1087" count="0" type="cond" truecount="0" falsecount="2"/>
      <line num="1088" count="0" type="stmt"/>
      <line num="1096" count="0" type="cond" truecount="0" falsecount="2"/>
      <line num="1097" count="0" type="stmt"/>
      <line num="1102" count="0" type="stmt"/>
      <line num="1103" count="0" type="cond" truecount="0" falsecount="2"/>
      <line num="1106" count="0" type="stmt"/>
      <line num="1107" count="0" type="cond" truecount="0" falsecount="2"/>
      <line num="1108" count="0" type="cond" truecount="0" falsecount="2"/>
      <line num="1109" count="0" type="cond" truecount="0" falsecount="4"/>
      <line num="1110" count="0" type="cond" truecount="0" falsecount="2"/>
      <line num="1114" count="0" type="stmt"/>
      <line num="1115" count="0" type="stmt"/>
      <line num="1116" count="0" type="stmt"/>
      <line num="1117" count="0" type="stmt"/>
      <line num="1118" count="0" type="stmt"/>
      <line num="1119" count="0" type="stmt"/>
      <line num="1127" count="0" type="stmt"/>
      <line num="1129" count="0" type="cond" truecount="0" falsecount="2"/>
      <line num="1130" count="0" type="stmt"/>
      <line num="1131" count="0" type="cond" truecount="0" falsecount="2"/>
      <line num="1134" count="0" type="stmt"/>
      <line num="1135" count="0" type="stmt"/>
      <line num="1136" count="0" type="cond" truecount="0" falsecount="4"/>
      <line num="1137" count="0" type="stmt"/>
      <line num="1142" count="0" type="cond" truecount="0" falsecount="2"/>
      <line num="1143" count="0" type="cond" truecount="0" falsecount="2"/>
      <line num="1144" count="0" type="stmt"/>
      <line num="1146" count="0" type="stmt"/>
      <line num="1150" count="0" type="stmt"/>
      <line num="1159" count="0" type="stmt"/>
      <line num="1172" count="0" type="stmt"/>
      <line num="1174" count="0" type="stmt"/>
      <line num="1180" count="0" type="stmt"/>
      <line num="1182" count="0" type="stmt"/>
      <line num="1187" count="0" type="cond" truecount="0" falsecount="2"/>
      <line num="1188" count="0" type="stmt"/>
      <line num="1189" count="0" type="stmt"/>
      <line num="1193" count="0" type="stmt"/>
      <line num="1198" count="0" type="stmt"/>
      <line num="1199" count="0" type="stmt"/>
      <line num="1209" count="0" type="cond" truecount="0" falsecount="5"/>
      <line num="1210" count="0" type="stmt"/>
      <line num="1215" count="0" type="cond" truecount="0" falsecount="2"/>
      <line num="1216" count="0" type="stmt"/>
      <line num="1217" count="0" type="stmt"/>
      <line num="1218" count="0" type="stmt"/>
      <line num="1224" count="0" type="cond" truecount="0" falsecount="4"/>
      <line num="1225" count="0" type="cond" truecount="0" falsecount="2"/>
      <line num="1228" count="0" type="cond" truecount="0" falsecount="4"/>
      <line num="1229" count="0" type="stmt"/>
      <line num="1232" count="0" type="stmt"/>
      <line num="1236" count="0" type="cond" truecount="0" falsecount="2"/>
      <line num="1237" count="0" type="stmt"/>
      <line num="1244" count="0" type="cond" truecount="0" falsecount="2"/>
      <line num="1245" count="0" type="stmt"/>
      <line num="1246" count="0" type="stmt"/>
      <line num="1247" count="0" type="stmt"/>
      <line num="1248" count="0" type="cond" truecount="0" falsecount="2"/>
      <line num="1249" count="0" type="stmt"/>
      <line num="1259" count="0" type="cond" truecount="0" falsecount="2"/>
      <line num="1260" count="0" type="stmt"/>
      <line num="1265" count="0" type="stmt"/>
      <line num="1272" count="0" type="cond" truecount="0" falsecount="2"/>
      <line num="1273" count="0" type="stmt"/>
      <line num="1278" count="0" type="stmt"/>
      <line num="1286" count="0" type="stmt"/>
      <line num="1289" count="0" type="stmt"/>
      <line num="1294" count="0" type="stmt"/>
      <line num="1295" count="0" type="stmt"/>
      <line num="1300" count="0" type="cond" truecount="0" falsecount="2"/>
      <line num="1301" count="0" type="stmt"/>
      <line num="1304" count="0" type="stmt"/>
      <line num="1305" count="0" type="stmt"/>
      <line num="1318" count="0" type="cond" truecount="0" falsecount="2"/>
      <line num="1319" count="0" type="cond" truecount="0" falsecount="2"/>
      <line num="1323" count="0" type="cond" truecount="0" falsecount="4"/>
      <line num="1324" count="0" type="stmt"/>
      <line num="1329" count="0" type="cond" truecount="0" falsecount="2"/>
      <line num="1330" count="0" type="stmt"/>
      <line num="1338" count="0" type="cond" truecount="0" falsecount="5"/>
      <line num="1339" count="0" type="stmt"/>
      <line num="1344" count="0" type="cond" truecount="0" falsecount="2"/>
      <line num="1345" count="0" type="stmt"/>
      <line num="1346" count="0" type="cond" truecount="0" falsecount="2"/>
      <line num="1347" count="0" type="stmt"/>
      <line num="1352" count="0" type="stmt"/>
      <line num="1354" count="0" type="stmt"/>
      <line num="1360" count="0" type="stmt"/>
      <line num="1367" count="0" type="stmt"/>
      <line num="1369" count="0" type="cond" truecount="0" falsecount="2"/>
      <line num="1370" count="0" type="stmt"/>
      <line num="1375" count="0" type="stmt"/>
      <line num="1377" count="0" type="cond" truecount="0" falsecount="4"/>
      <line num="1378" count="0" type="stmt"/>
      <line num="1385" count="0" type="stmt"/>
      <line num="1386" count="0" type="stmt"/>
      <line num="1390" count="0" type="cond" truecount="0" falsecount="4"/>
      <line num="1391" count="0" type="stmt"/>
      <line num="1398" count="0" type="stmt"/>
      <line num="1402" count="0" type="cond" truecount="0" falsecount="5"/>
      <line num="1403" count="0" type="stmt"/>
      <line num="1408" count="0" type="cond" truecount="0" falsecount="2"/>
      <line num="1409" count="0" type="stmt"/>
      <line num="1416" count="0" type="stmt"/>
      <line num="1417" count="0" type="stmt"/>
      <line num="1424" count="0" type="cond" truecount="0" falsecount="2"/>
      <line num="1425" count="0" type="stmt"/>
      <line num="1430" count="0" type="stmt"/>
      <line num="1431" count="0" type="cond" truecount="0" falsecount="2"/>
      <line num="1432" count="0" type="stmt"/>
      <line num="1437" count="0" type="stmt"/>
      <line num="1438" count="0" type="cond" truecount="0" falsecount="4"/>
      <line num="1439" count="0" type="stmt"/>
      <line num="1446" count="0" type="stmt"/>
      <line num="1447" count="0" type="stmt"/>
      <line num="1455" count="0" type="stmt"/>
      <line num="1460" count="0" type="stmt"/>
      <line num="1461" count="0" type="stmt"/>
      <line num="1464" count="0" type="stmt"/>
      <line num="1472" count="0" type="stmt"/>
      <line num="1474" count="0" type="stmt"/>
      <line num="1475" count="0" type="stmt"/>
      <line num="1477" count="0" type="stmt"/>
      <line num="1488" count="0" type="cond" truecount="0" falsecount="2"/>
      <line num="1489" count="0" type="stmt"/>
      <line num="1495" count="0" type="stmt"/>
      <line num="1498" count="0" type="stmt"/>
      <line num="1499" count="0" type="stmt"/>
      <line num="1500" count="0" type="cond" truecount="0" falsecount="2"/>
      <line num="1501" count="0" type="cond" truecount="0" falsecount="2"/>
      <line num="1502" count="0" type="stmt"/>
      <line num="1504" count="0" type="stmt"/>
      <line num="1507" count="0" type="stmt"/>
      <line num="1510" count="0" type="cond" truecount="0" falsecount="2"/>
      <line num="1514" count="0" type="stmt"/>
      <line num="1516" count="0" type="stmt"/>
      <line num="1518" count="0" type="stmt"/>
    </file>
  </project>
</coverage>
