{"/Users/nczitzer/WebstormProjects/mcp-servicenow-nodejs/src/config-manager.js": {"path":"/Users/nczitzer/WebstormProjects/mcp-servicenow-nodejs/src/config-manager.js","statementMap":{"0":{"start":{"line":5,"column":19},"end":{"line":5,"column":49}},"1":{"start":{"line":6,"column":18},"end":{"line":6,"column":42}},"2":{"start":{"line":10,"column":4},"end":{"line":10,"column":82}},"3":{"start":{"line":11,"column":4},"end":{"line":11,"column":26}},"4":{"start":{"line":18,"column":4},"end":{"line":20,"column":5}},"5":{"start":{"line":19,"column":6},"end":{"line":19,"column":28}},"6":{"start":{"line":22,"column":4},"end":{"line":34,"column":5}},"7":{"start":{"line":23,"column":25},"end":{"line":23,"column":65}},"8":{"start":{"line":24,"column":21},"end":{"line":24,"column":43}},"9":{"start":{"line":25,"column":6},"end":{"line":25,"column":40}},"10":{"start":{"line":26,"column":6},"end":{"line":26,"column":28}},"11":{"start":{"line":29,"column":6},"end":{"line":32,"column":7}},"12":{"start":{"line":30,"column":8},"end":{"line":30,"column":86}},"13":{"start":{"line":31,"column":8},"end":{"line":31,"column":34}},"14":{"start":{"line":33,"column":6},"end":{"line":33,"column":86}},"15":{"start":{"line":41,"column":4},"end":{"line":43,"column":5}},"16":{"start":{"line":42,"column":6},"end":{"line":42,"column":178}},"17":{"start":{"line":45,"column":4},"end":{"line":52,"column":7}},"18":{"start":{"line":54,"column":4},"end":{"line":54,"column":26}},"19":{"start":{"line":63,"column":22},"end":{"line":63,"column":42}},"20":{"start":{"line":64,"column":21},"end":{"line":64,"column":57}},"21":{"start":{"line":64,"column":41},"end":{"line":64,"column":56}},"22":{"start":{"line":66,"column":4},"end":{"line":68,"column":5}},"23":{"start":{"line":67,"column":6},"end":{"line":67,"column":117}},"24":{"start":{"line":67,"column":95},"end":{"line":67,"column":101}},"25":{"start":{"line":70,"column":4},"end":{"line":70,"column":20}},"26":{"start":{"line":78,"column":22},"end":{"line":78,"column":42}},"27":{"start":{"line":79,"column":28},"end":{"line":79,"column":67}},"28":{"start":{"line":79,"column":48},"end":{"line":79,"column":66}},"29":{"start":{"line":81,"column":4},"end":{"line":84,"column":5}},"30":{"start":{"line":83,"column":6},"end":{"line":83,"column":26}},"31":{"start":{"line":86,"column":4},"end":{"line":86,"column":27}},"32":{"start":{"line":95,"column":4},"end":{"line":97,"column":5}},"33":{"start":{"line":96,"column":6},"end":{"line":96,"column":36}},"34":{"start":{"line":100,"column":24},"end":{"line":100,"column":55}},"35":{"start":{"line":101,"column":4},"end":{"line":103,"column":5}},"36":{"start":{"line":102,"column":6},"end":{"line":102,"column":43}},"37":{"start":{"line":105,"column":4},"end":{"line":105,"column":37}},"38":{"start":{"line":113,"column":22},"end":{"line":113,"column":42}},"39":{"start":{"line":114,"column":4},"end":{"line":119,"column":8}},"40":{"start":{"line":114,"column":31},"end":{"line":119,"column":5}},"41":{"start":{"line":128,"column":21},"end":{"line":128,"column":60}},"42":{"start":{"line":129,"column":4},"end":{"line":133,"column":5}},"43":{"start":{"line":130,"column":6},"end":{"line":132,"column":7}},"44":{"start":{"line":131,"column":8},"end":{"line":131,"column":83}},"45":{"start":{"line":134,"column":4},"end":{"line":134,"column":16}},"46":{"start":{"line":139,"column":29},"end":{"line":139,"column":48}}},"fnMap":{"0":{"name":"(anonymous_0)","decl":{"start":{"line":9,"column":2},"end":{"line":9,"column":3}},"loc":{"start":{"line":9,"column":16},"end":{"line":12,"column":3}},"line":9},"1":{"name":"(anonymous_1)","decl":{"start":{"line":17,"column":2},"end":{"line":17,"column":3}},"loc":{"start":{"line":17,"column":18},"end":{"line":35,"column":3}},"line":17},"2":{"name":"(anonymous_2)","decl":{"start":{"line":40,"column":2},"end":{"line":40,"column":3}},"loc":{"start":{"line":40,"column":16},"end":{"line":55,"column":3}},"line":40},"3":{"name":"(anonymous_3)","decl":{"start":{"line":62,"column":2},"end":{"line":62,"column":3}},"loc":{"start":{"line":62,"column":20},"end":{"line":71,"column":3}},"line":62},"4":{"name":"(anonymous_4)","decl":{"start":{"line":64,"column":36},"end":{"line":64,"column":37}},"loc":{"start":{"line":64,"column":41},"end":{"line":64,"column":56}},"line":64},"5":{"name":"(anonymous_5)","decl":{"start":{"line":67,"column":90},"end":{"line":67,"column":91}},"loc":{"start":{"line":67,"column":95},"end":{"line":67,"column":101}},"line":67},"6":{"name":"(anonymous_6)","decl":{"start":{"line":77,"column":2},"end":{"line":77,"column":3}},"loc":{"start":{"line":77,"column":23},"end":{"line":87,"column":3}},"line":77},"7":{"name":"(anonymous_7)","decl":{"start":{"line":79,"column":43},"end":{"line":79,"column":44}},"loc":{"start":{"line":79,"column":48},"end":{"line":79,"column":66}},"line":79},"8":{"name":"(anonymous_8)","decl":{"start":{"line":94,"column":2},"end":{"line":94,"column":3}},"loc":{"start":{"line":94,"column":36},"end":{"line":106,"column":3}},"line":94},"9":{"name":"(anonymous_9)","decl":{"start":{"line":112,"column":2},"end":{"line":112,"column":3}},"loc":{"start":{"line":112,"column":18},"end":{"line":120,"column":3}},"line":112},"10":{"name":"(anonymous_10)","decl":{"start":{"line":114,"column":25},"end":{"line":114,"column":26}},"loc":{"start":{"line":114,"column":31},"end":{"line":119,"column":5}},"line":114},"11":{"name":"(anonymous_11)","decl":{"start":{"line":127,"column":2},"end":{"line":127,"column":3}},"loc":{"start":{"line":127,"column":29},"end":{"line":135,"column":3}},"line":127}},"branchMap":{"0":{"loc":{"start":{"line":18,"column":4},"end":{"line":20,"column":5}},"type":"if","locations":[{"start":{"line":18,"column":4},"end":{"line":20,"column":5}},{"start":{},"end":{}}],"line":18},"1":{"loc":{"start":{"line":29,"column":6},"end":{"line":32,"column":7}},"type":"if","locations":[{"start":{"line":29,"column":6},"end":{"line":32,"column":7}},{"start":{},"end":{}}],"line":29},"2":{"loc":{"start":{"line":41,"column":4},"end":{"line":43,"column":5}},"type":"if","locations":[{"start":{"line":41,"column":4},"end":{"line":43,"column":5}},{"start":{},"end":{}}],"line":41},"3":{"loc":{"start":{"line":41,"column":8},"end":{"line":41,"column":116}},"type":"binary-expr","locations":[{"start":{"line":41,"column":8},"end":{"line":41,"column":44}},{"start":{"line":41,"column":48},"end":{"line":41,"column":80}},{"start":{"line":41,"column":84},"end":{"line":41,"column":116}}],"line":41},"4":{"loc":{"start":{"line":66,"column":4},"end":{"line":68,"column":5}},"type":"if","locations":[{"start":{"line":66,"column":4},"end":{"line":68,"column":5}},{"start":{},"end":{}}],"line":66},"5":{"loc":{"start":{"line":81,"column":4},"end":{"line":84,"column":5}},"type":"if","locations":[{"start":{"line":81,"column":4},"end":{"line":84,"column":5}},{"start":{},"end":{}}],"line":81},"6":{"loc":{"start":{"line":94,"column":23},"end":{"line":94,"column":34}},"type":"default-arg","locations":[{"start":{"line":94,"column":30},"end":{"line":94,"column":34}}],"line":94},"7":{"loc":{"start":{"line":95,"column":4},"end":{"line":97,"column":5}},"type":"if","locations":[{"start":{"line":95,"column":4},"end":{"line":97,"column":5}},{"start":{},"end":{}}],"line":95},"8":{"loc":{"start":{"line":101,"column":4},"end":{"line":103,"column":5}},"type":"if","locations":[{"start":{"line":101,"column":4},"end":{"line":103,"column":5}},{"start":{},"end":{}}],"line":101},"9":{"loc":{"start":{"line":117,"column":15},"end":{"line":117,"column":33}},"type":"binary-expr","locations":[{"start":{"line":117,"column":15},"end":{"line":117,"column":24}},{"start":{"line":117,"column":28},"end":{"line":117,"column":33}}],"line":117},"10":{"loc":{"start":{"line":118,"column":19},"end":{"line":118,"column":38}},"type":"binary-expr","locations":[{"start":{"line":118,"column":19},"end":{"line":118,"column":32}},{"start":{"line":118,"column":36},"end":{"line":118,"column":38}}],"line":118},"11":{"loc":{"start":{"line":130,"column":6},"end":{"line":132,"column":7}},"type":"if","locations":[{"start":{"line":130,"column":6},"end":{"line":132,"column":7}},{"start":{},"end":{}}],"line":130}},"s":{"0":0,"1":0,"2":0,"3":0,"4":0,"5":0,"6":0,"7":0,"8":0,"9":0,"10":0,"11":0,"12":0,"13":0,"14":0,"15":0,"16":0,"17":0,"18":0,"19":0,"20":0,"21":0,"22":0,"23":0,"24":0,"25":0,"26":0,"27":0,"28":0,"29":0,"30":0,"31":0,"32":0,"33":0,"34":0,"35":0,"36":0,"37":0,"38":0,"39":0,"40":0,"41":0,"42":0,"43":0,"44":0,"45":0,"46":0},"f":{"0":0,"1":0,"2":0,"3":0,"4":0,"5":0,"6":0,"7":0,"8":0,"9":0,"10":0,"11":0},"b":{"0":[0,0],"1":[0,0],"2":[0,0],"3":[0,0,0],"4":[0,0],"5":[0,0],"6":[0],"7":[0,0],"8":[0,0],"9":[0,0],"10":[0,0],"11":[0,0]},"inputSourceMap":null}
,"/Users/nczitzer/WebstormProjects/mcp-servicenow-nodejs/src/mcp-server-consolidated.js": {"path":"/Users/nczitzer/WebstormProjects/mcp-servicenow-nodejs/src/mcp-server-consolidated.js","statementMap":{"0":{"start":{"line":10,"column":17},"end":{"line":22,"column":3}},"1":{"start":{"line":25,"column":2},"end":{"line":36,"column":5}},"2":{"start":{"line":26,"column":4},"end":{"line":35,"column":5}},"3":{"start":{"line":27,"column":6},"end":{"line":32,"column":9}},"4":{"start":{"line":34,"column":6},"end":{"line":34,"column":76}},"5":{"start":{"line":39,"column":22},"end":{"line":39,"column":24}},"6":{"start":{"line":40,"column":2},"end":{"line":55,"column":3}},"7":{"start":{"line":41,"column":25},"end":{"line":41,"column":138}},"8":{"start":{"line":42,"column":20},"end":{"line":42,"column":60}},"9":{"start":{"line":43,"column":21},"end":{"line":43,"column":40}},"10":{"start":{"line":46,"column":4},"end":{"line":50,"column":7}},"11":{"start":{"line":47,"column":6},"end":{"line":49,"column":7}},"12":{"start":{"line":48,"column":8},"end":{"line":48,"column":35}},"13":{"start":{"line":52,"column":4},"end":{"line":52,"column":98}},"14":{"start":{"line":54,"column":4},"end":{"line":54,"column":71}},"15":{"start":{"line":58,"column":2},"end":{"line":1247,"column":5}},"16":{"start":{"line":59,"column":4},"end":{"line":59,"column":59}},"17":{"start":{"line":61,"column":18},"end":{"line":1243,"column":5}},"18":{"start":{"line":1245,"column":4},"end":{"line":1245,"column":83}},"19":{"start":{"line":1246,"column":4},"end":{"line":1246,"column":21}},"20":{"start":{"line":1249,"column":2},"end":{"line":2821,"column":5}},"21":{"start":{"line":1250,"column":38},"end":{"line":1250,"column":52}},"22":{"start":{"line":1252,"column":4},"end":{"line":2820,"column":5}},"23":{"start":{"line":1253,"column":6},"end":{"line":2811,"column":7}},"24":{"start":{"line":1255,"column":36},"end":{"line":1255,"column":40}},"25":{"start":{"line":1258,"column":10},"end":{"line":1270,"column":11}},"26":{"start":{"line":1259,"column":30},"end":{"line":1259,"column":59}},"27":{"start":{"line":1260,"column":12},"end":{"line":1269,"column":14}},"28":{"start":{"line":1273,"column":27},"end":{"line":1273,"column":67}},"29":{"start":{"line":1276,"column":10},"end":{"line":1276,"column":106}},"30":{"start":{"line":1278,"column":10},"end":{"line":1278,"column":87}},"31":{"start":{"line":1280,"column":10},"end":{"line":1293,"column":12}},"32":{"start":{"line":1297,"column":34},"end":{"line":1297,"column":71}},"33":{"start":{"line":1298,"column":10},"end":{"line":1306,"column":12}},"34":{"start":{"line":1310,"column":78},"end":{"line":1310,"column":82}},"35":{"start":{"line":1312,"column":30},"end":{"line":1317,"column":11}},"36":{"start":{"line":1319,"column":10},"end":{"line":1321,"column":11}},"37":{"start":{"line":1320,"column":12},"end":{"line":1320,"column":52}},"38":{"start":{"line":1323,"column":26},"end":{"line":1323,"column":84}},"39":{"start":{"line":1325,"column":10},"end":{"line":1330,"column":12}},"40":{"start":{"line":1334,"column":39},"end":{"line":1334,"column":43}},"41":{"start":{"line":1335,"column":25},"end":{"line":1335,"column":78}},"42":{"start":{"line":1337,"column":27},"end":{"line":1337,"column":52}},"43":{"start":{"line":1338,"column":27},"end":{"line":1338,"column":58}},"44":{"start":{"line":1339,"column":29},"end":{"line":1339,"column":62}},"45":{"start":{"line":1341,"column":10},"end":{"line":1346,"column":12}},"46":{"start":{"line":1350,"column":49},"end":{"line":1350,"column":53}},"47":{"start":{"line":1352,"column":30},"end":{"line":1352,"column":32}},"48":{"start":{"line":1353,"column":10},"end":{"line":1353,"column":58}},"49":{"start":{"line":1353,"column":22},"end":{"line":1353,"column":58}},"50":{"start":{"line":1355,"column":25},"end":{"line":1355,"column":90}},"51":{"start":{"line":1357,"column":10},"end":{"line":1362,"column":12}},"52":{"start":{"line":1366,"column":47},"end":{"line":1366,"column":51}},"53":{"start":{"line":1367,"column":25},"end":{"line":1367,"column":86}},"54":{"start":{"line":1369,"column":27},"end":{"line":1369,"column":52}},"55":{"start":{"line":1370,"column":27},"end":{"line":1370,"column":58}},"56":{"start":{"line":1371,"column":29},"end":{"line":1371,"column":55}},"57":{"start":{"line":1373,"column":10},"end":{"line":1378,"column":12}},"58":{"start":{"line":1382,"column":33},"end":{"line":1382,"column":37}},"59":{"start":{"line":1383,"column":25},"end":{"line":1383,"column":50}},"60":{"start":{"line":1385,"column":10},"end":{"line":1416,"column":11}},"61":{"start":{"line":1387,"column":12},"end":{"line":1387,"column":105}},"62":{"start":{"line":1388,"column":12},"end":{"line":1415,"column":13}},"63":{"start":{"line":1389,"column":32},"end":{"line":1393,"column":16}},"64":{"start":{"line":1395,"column":14},"end":{"line":1406,"column":16}},"65":{"start":{"line":1408,"column":14},"end":{"line":1414,"column":16}},"66":{"start":{"line":1418,"column":10},"end":{"line":1434,"column":12}},"67":{"start":{"line":1438,"column":31},"end":{"line":1438,"column":35}},"68":{"start":{"line":1440,"column":29},"end":{"line":1445,"column":11}},"69":{"start":{"line":1447,"column":29},"end":{"line":1447,"column":55}},"70":{"start":{"line":1449,"column":10},"end":{"line":1451,"column":11}},"71":{"start":{"line":1450,"column":12},"end":{"line":1450,"column":86}},"72":{"start":{"line":1450,"column":52},"end":{"line":1450,"column":84}},"73":{"start":{"line":1453,"column":28},"end":{"line":1463,"column":12}},"74":{"start":{"line":1454,"column":25},"end":{"line":1454,"column":49}},"75":{"start":{"line":1455,"column":12},"end":{"line":1462,"column":14}},"76":{"start":{"line":1465,"column":10},"end":{"line":1470,"column":12}},"77":{"start":{"line":1475,"column":83},"end":{"line":1475,"column":87}},"78":{"start":{"line":1477,"column":27},"end":{"line":1477,"column":38}},"79":{"start":{"line":1478,"column":10},"end":{"line":1480,"column":11}},"80":{"start":{"line":1479,"column":12},"end":{"line":1479,"column":69}},"81":{"start":{"line":1481,"column":10},"end":{"line":1483,"column":11}},"82":{"start":{"line":1482,"column":12},"end":{"line":1482,"column":75}},"83":{"start":{"line":1485,"column":30},"end":{"line":1490,"column":11}},"84":{"start":{"line":1492,"column":10},"end":{"line":1494,"column":11}},"85":{"start":{"line":1493,"column":12},"end":{"line":1493,"column":52}},"86":{"start":{"line":1496,"column":26},"end":{"line":1496,"column":84}},"87":{"start":{"line":1498,"column":10},"end":{"line":1503,"column":12}},"88":{"start":{"line":1507,"column":25},"end":{"line":1507,"column":78}},"89":{"start":{"line":1508,"column":10},"end":{"line":1513,"column":12}},"90":{"start":{"line":1517,"column":25},"end":{"line":1517,"column":82}},"91":{"start":{"line":1518,"column":10},"end":{"line":1523,"column":12}},"92":{"start":{"line":1527,"column":66},"end":{"line":1527,"column":70}},"93":{"start":{"line":1529,"column":30},"end":{"line":1534,"column":11}},"94":{"start":{"line":1536,"column":10},"end":{"line":1538,"column":11}},"95":{"start":{"line":1537,"column":12},"end":{"line":1537,"column":52}},"96":{"start":{"line":1540,"column":26},"end":{"line":1540,"column":84}},"97":{"start":{"line":1542,"column":10},"end":{"line":1547,"column":12}},"98":{"start":{"line":1551,"column":66},"end":{"line":1551,"column":70}},"99":{"start":{"line":1553,"column":30},"end":{"line":1558,"column":11}},"100":{"start":{"line":1560,"column":10},"end":{"line":1562,"column":11}},"101":{"start":{"line":1561,"column":12},"end":{"line":1561,"column":52}},"102":{"start":{"line":1564,"column":26},"end":{"line":1564,"column":83}},"103":{"start":{"line":1566,"column":10},"end":{"line":1571,"column":12}},"104":{"start":{"line":1575,"column":66},"end":{"line":1575,"column":70}},"105":{"start":{"line":1577,"column":30},"end":{"line":1582,"column":11}},"106":{"start":{"line":1584,"column":10},"end":{"line":1586,"column":11}},"107":{"start":{"line":1585,"column":12},"end":{"line":1585,"column":52}},"108":{"start":{"line":1588,"column":26},"end":{"line":1588,"column":90}},"109":{"start":{"line":1590,"column":10},"end":{"line":1595,"column":12}},"110":{"start":{"line":1599,"column":79},"end":{"line":1599,"column":83}},"111":{"start":{"line":1601,"column":27},"end":{"line":1601,"column":38}},"112":{"start":{"line":1602,"column":10},"end":{"line":1604,"column":11}},"113":{"start":{"line":1603,"column":12},"end":{"line":1603,"column":69}},"114":{"start":{"line":1605,"column":10},"end":{"line":1607,"column":11}},"115":{"start":{"line":1606,"column":12},"end":{"line":1606,"column":67}},"116":{"start":{"line":1609,"column":30},"end":{"line":1614,"column":11}},"117":{"start":{"line":1616,"column":10},"end":{"line":1618,"column":11}},"118":{"start":{"line":1617,"column":12},"end":{"line":1617,"column":52}},"119":{"start":{"line":1620,"column":26},"end":{"line":1620,"column":90}},"120":{"start":{"line":1622,"column":10},"end":{"line":1627,"column":12}},"121":{"start":{"line":1631,"column":66},"end":{"line":1631,"column":70}},"122":{"start":{"line":1633,"column":30},"end":{"line":1638,"column":11}},"123":{"start":{"line":1640,"column":10},"end":{"line":1642,"column":11}},"124":{"start":{"line":1641,"column":12},"end":{"line":1641,"column":52}},"125":{"start":{"line":1644,"column":26},"end":{"line":1644,"column":83}},"126":{"start":{"line":1646,"column":10},"end":{"line":1651,"column":12}},"127":{"start":{"line":1655,"column":100},"end":{"line":1655,"column":104}},"128":{"start":{"line":1657,"column":10},"end":{"line":1657,"column":78}},"129":{"start":{"line":1660,"column":30},"end":{"line":1660,"column":64}},"130":{"start":{"line":1663,"column":10},"end":{"line":1676,"column":11}},"131":{"start":{"line":1664,"column":12},"end":{"line":1675,"column":14}},"132":{"start":{"line":1679,"column":30},"end":{"line":1684,"column":11}},"133":{"start":{"line":1686,"column":10},"end":{"line":1688,"column":11}},"134":{"start":{"line":1687,"column":12},"end":{"line":1687,"column":52}},"135":{"start":{"line":1690,"column":26},"end":{"line":1690,"column":79}},"136":{"start":{"line":1693,"column":29},"end":{"line":1700,"column":1}},"137":{"start":{"line":1703,"column":10},"end":{"line":1709,"column":11}},"138":{"start":{"line":1704,"column":12},"end":{"line":1704,"column":53}},"139":{"start":{"line":1705,"column":12},"end":{"line":1707,"column":15}},"140":{"start":{"line":1706,"column":14},"end":{"line":1706,"column":86}},"141":{"start":{"line":1708,"column":12},"end":{"line":1708,"column":33}},"142":{"start":{"line":1712,"column":10},"end":{"line":1714,"column":11}},"143":{"start":{"line":1713,"column":12},"end":{"line":1713,"column":86}},"144":{"start":{"line":1717,"column":10},"end":{"line":1721,"column":11}},"145":{"start":{"line":1718,"column":12},"end":{"line":1718,"column":99}},"146":{"start":{"line":1720,"column":12},"end":{"line":1720,"column":148}},"147":{"start":{"line":1723,"column":10},"end":{"line":1728,"column":12}},"148":{"start":{"line":1732,"column":40},"end":{"line":1732,"column":44}},"149":{"start":{"line":1734,"column":10},"end":{"line":1734,"column":82}},"150":{"start":{"line":1736,"column":10},"end":{"line":1837,"column":11}},"151":{"start":{"line":1738,"column":27},"end":{"line":1738,"column":88}},"152":{"start":{"line":1740,"column":12},"end":{"line":1771,"column":13}},"153":{"start":{"line":1741,"column":14},"end":{"line":1758,"column":16}},"154":{"start":{"line":1760,"column":14},"end":{"line":1770,"column":16}},"155":{"start":{"line":1774,"column":12},"end":{"line":1774,"column":89}},"156":{"start":{"line":1776,"column":30},"end":{"line":1776,"column":99}},"157":{"start":{"line":1778,"column":23},"end":{"line":1778,"column":50}},"158":{"start":{"line":1779,"column":25},"end":{"line":1779,"column":45}},"159":{"start":{"line":1781,"column":31},"end":{"line":1781,"column":69}},"160":{"start":{"line":1782,"column":12},"end":{"line":1782,"column":60}},"161":{"start":{"line":1784,"column":30},"end":{"line":1784,"column":76}},"162":{"start":{"line":1785,"column":29},"end":{"line":1785,"column":110}},"163":{"start":{"line":1786,"column":29},"end":{"line":1786,"column":60}},"164":{"start":{"line":1788,"column":34},"end":{"line":1791,"column":55}},"165":{"start":{"line":1793,"column":32},"end":{"line":1815,"column":17}},"166":{"start":{"line":1817,"column":12},"end":{"line":1817,"column":63}},"167":{"start":{"line":1819,"column":12},"end":{"line":1836,"column":14}},"168":{"start":{"line":1841,"column":25},"end":{"line":1841,"column":69}},"169":{"start":{"line":1843,"column":10},"end":{"line":1848,"column":12}},"170":{"start":{"line":1852,"column":66},"end":{"line":1852,"column":70}},"171":{"start":{"line":1854,"column":30},"end":{"line":1859,"column":11}},"172":{"start":{"line":1861,"column":10},"end":{"line":1863,"column":11}},"173":{"start":{"line":1862,"column":12},"end":{"line":1862,"column":52}},"174":{"start":{"line":1865,"column":26},"end":{"line":1865,"column":76}},"175":{"start":{"line":1867,"column":10},"end":{"line":1872,"column":12}},"176":{"start":{"line":1876,"column":33},"end":{"line":1876,"column":37}},"177":{"start":{"line":1878,"column":10},"end":{"line":1878,"column":76}},"178":{"start":{"line":1880,"column":10},"end":{"line":1907,"column":11}},"179":{"start":{"line":1881,"column":27},"end":{"line":1881,"column":83}},"180":{"start":{"line":1883,"column":12},"end":{"line":1893,"column":14}},"181":{"start":{"line":1895,"column":12},"end":{"line":1895,"column":73}},"182":{"start":{"line":1896,"column":12},"end":{"line":1906,"column":14}},"183":{"start":{"line":1911,"column":42},"end":{"line":1911,"column":46}},"184":{"start":{"line":1913,"column":10},"end":{"line":1913,"column":77}},"185":{"start":{"line":1915,"column":10},"end":{"line":1996,"column":11}},"186":{"start":{"line":1917,"column":27},"end":{"line":1917,"column":100}},"187":{"start":{"line":1919,"column":12},"end":{"line":1940,"column":14}},"188":{"start":{"line":1943,"column":12},"end":{"line":1943,"column":101}},"189":{"start":{"line":1946,"column":23},"end":{"line":1946,"column":50}},"190":{"start":{"line":1947,"column":25},"end":{"line":1947,"column":45}},"191":{"start":{"line":1948,"column":30},"end":{"line":1948,"column":76}},"192":{"start":{"line":1949,"column":32},"end":{"line":1949,"column":64}},"193":{"start":{"line":1951,"column":31},"end":{"line":1951,"column":69}},"194":{"start":{"line":1952,"column":12},"end":{"line":1952,"column":60}},"195":{"start":{"line":1954,"column":29},"end":{"line":1954,"column":48}},"196":{"start":{"line":1955,"column":29},"end":{"line":1955,"column":60}},"197":{"start":{"line":1957,"column":32},"end":{"line":1976,"column":1}},"198":{"start":{"line":1978,"column":12},"end":{"line":1978,"column":63}},"199":{"start":{"line":1980,"column":12},"end":{"line":1995,"column":14}},"200":{"start":{"line":2000,"column":84},"end":{"line":2000,"column":88}},"201":{"start":{"line":2002,"column":10},"end":{"line":2002,"column":66}},"202":{"start":{"line":2005,"column":21},"end":{"line":2005,"column":48}},"203":{"start":{"line":2006,"column":23},"end":{"line":2006,"column":43}},"204":{"start":{"line":2009,"column":29},"end":{"line":2009,"column":67}},"205":{"start":{"line":2010,"column":10},"end":{"line":2010,"column":58}},"206":{"start":{"line":2013,"column":28},"end":{"line":2013,"column":74}},"207":{"start":{"line":2014,"column":27},"end":{"line":2014,"column":59}},"208":{"start":{"line":2015,"column":27},"end":{"line":2015,"column":58}},"209":{"start":{"line":2017,"column":30},"end":{"line":2034,"column":1}},"210":{"start":{"line":2036,"column":10},"end":{"line":2036,"column":61}},"211":{"start":{"line":2038,"column":10},"end":{"line":2053,"column":12}},"212":{"start":{"line":2065,"column":14},"end":{"line":2065,"column":18}},"213":{"start":{"line":2067,"column":10},"end":{"line":2067,"column":76}},"214":{"start":{"line":2068,"column":25},"end":{"line":2075,"column":12}},"215":{"start":{"line":2077,"column":10},"end":{"line":2082,"column":12}},"216":{"start":{"line":2086,"column":70},"end":{"line":2086,"column":74}},"217":{"start":{"line":2088,"column":10},"end":{"line":2088,"column":127}},"218":{"start":{"line":2089,"column":25},"end":{"line":2089,"column":94}},"219":{"start":{"line":2091,"column":10},"end":{"line":2096,"column":12}},"220":{"start":{"line":2100,"column":70},"end":{"line":2100,"column":74}},"221":{"start":{"line":2102,"column":10},"end":{"line":2102,"column":95}},"222":{"start":{"line":2103,"column":25},"end":{"line":2103,"column":93}},"223":{"start":{"line":2105,"column":10},"end":{"line":2110,"column":12}},"224":{"start":{"line":2114,"column":60},"end":{"line":2114,"column":64}},"225":{"start":{"line":2116,"column":10},"end":{"line":2116,"column":65}},"226":{"start":{"line":2117,"column":30},"end":{"line":2117,"column":97}},"227":{"start":{"line":2119,"column":10},"end":{"line":2124,"column":12}},"228":{"start":{"line":2128,"column":48},"end":{"line":2128,"column":52}},"229":{"start":{"line":2130,"column":10},"end":{"line":2130,"column":69}},"230":{"start":{"line":2131,"column":29},"end":{"line":2131,"column":102}},"231":{"start":{"line":2133,"column":10},"end":{"line":2138,"column":12}},"232":{"start":{"line":2142,"column":84},"end":{"line":2142,"column":88}},"233":{"start":{"line":2144,"column":10},"end":{"line":2144,"column":66}},"234":{"start":{"line":2145,"column":29},"end":{"line":2148,"column":12}},"235":{"start":{"line":2150,"column":10},"end":{"line":2155,"column":12}},"236":{"start":{"line":2159,"column":117},"end":{"line":2159,"column":121}},"237":{"start":{"line":2161,"column":10},"end":{"line":2161,"column":81}},"238":{"start":{"line":2164,"column":31},"end":{"line":2172,"column":11}},"239":{"start":{"line":2174,"column":25},"end":{"line":2174,"column":94}},"240":{"start":{"line":2176,"column":10},"end":{"line":2196,"column":12}},"241":{"start":{"line":2187,"column":29},"end":{"line":2187,"column":67}},"242":{"start":{"line":2200,"column":94},"end":{"line":2200,"column":98}},"243":{"start":{"line":2202,"column":10},"end":{"line":2202,"column":56}},"244":{"start":{"line":2204,"column":31},"end":{"line":2211,"column":11}},"245":{"start":{"line":2213,"column":25},"end":{"line":2213,"column":76}},"246":{"start":{"line":2215,"column":10},"end":{"line":2227,"column":12}},"247":{"start":{"line":2231,"column":88},"end":{"line":2231,"column":92}},"248":{"start":{"line":2233,"column":10},"end":{"line":2233,"column":50}},"249":{"start":{"line":2235,"column":33},"end":{"line":2239,"column":11}},"250":{"start":{"line":2242,"column":33},"end":{"line":2242,"column":37}},"251":{"start":{"line":2243,"column":10},"end":{"line":2252,"column":11}},"252":{"start":{"line":2244,"column":34},"end":{"line":2248,"column":13}},"253":{"start":{"line":2249,"column":36},"end":{"line":2249,"column":89}},"254":{"start":{"line":2250,"column":12},"end":{"line":2250,"column":64}},"255":{"start":{"line":2251,"column":12},"end":{"line":2251,"column":63}},"256":{"start":{"line":2254,"column":25},"end":{"line":2254,"column":80}},"257":{"start":{"line":2256,"column":10},"end":{"line":2268,"column":12}},"258":{"start":{"line":2272,"column":60},"end":{"line":2272,"column":64}},"259":{"start":{"line":2274,"column":10},"end":{"line":2274,"column":76}},"260":{"start":{"line":2276,"column":25},"end":{"line":2276,"column":102}},"261":{"start":{"line":2278,"column":10},"end":{"line":2289,"column":12}},"262":{"start":{"line":2293,"column":107},"end":{"line":2293,"column":111}},"263":{"start":{"line":2295,"column":10},"end":{"line":2295,"column":100}},"264":{"start":{"line":2297,"column":25},"end":{"line":2303,"column":12}},"265":{"start":{"line":2305,"column":10},"end":{"line":2320,"column":12}},"266":{"start":{"line":2313,"column":75},"end":{"line":2313,"column":115}},"267":{"start":{"line":2315,"column":68},"end":{"line":2315,"column":97}},"268":{"start":{"line":2324,"column":70},"end":{"line":2324,"column":74}},"269":{"start":{"line":2326,"column":10},"end":{"line":2326,"column":97}},"270":{"start":{"line":2328,"column":25},"end":{"line":2328,"column":104}},"271":{"start":{"line":2330,"column":10},"end":{"line":2345,"column":12}},"272":{"start":{"line":2350,"column":47},"end":{"line":2350,"column":51}},"273":{"start":{"line":2353,"column":28},"end":{"line":2356,"column":12}},"274":{"start":{"line":2358,"column":10},"end":{"line":2360,"column":11}},"275":{"start":{"line":2359,"column":12},"end":{"line":2359,"column":69}},"276":{"start":{"line":2362,"column":27},"end":{"line":2362,"column":39}},"277":{"start":{"line":2365,"column":25},"end":{"line":2367,"column":12}},"278":{"start":{"line":2369,"column":10},"end":{"line":2381,"column":12}},"279":{"start":{"line":2385,"column":50},"end":{"line":2385,"column":54}},"280":{"start":{"line":2388,"column":28},"end":{"line":2391,"column":12}},"281":{"start":{"line":2393,"column":10},"end":{"line":2395,"column":11}},"282":{"start":{"line":2394,"column":12},"end":{"line":2394,"column":69}},"283":{"start":{"line":2397,"column":27},"end":{"line":2397,"column":39}},"284":{"start":{"line":2400,"column":25},"end":{"line":2402,"column":12}},"285":{"start":{"line":2404,"column":10},"end":{"line":2416,"column":12}},"286":{"start":{"line":2420,"column":69},"end":{"line":2420,"column":73}},"287":{"start":{"line":2423,"column":28},"end":{"line":2426,"column":12}},"288":{"start":{"line":2428,"column":10},"end":{"line":2430,"column":11}},"289":{"start":{"line":2429,"column":12},"end":{"line":2429,"column":69}},"290":{"start":{"line":2432,"column":27},"end":{"line":2432,"column":39}},"291":{"start":{"line":2435,"column":29},"end":{"line":2435,"column":40}},"292":{"start":{"line":2436,"column":10},"end":{"line":2447,"column":11}},"293":{"start":{"line":2437,"column":26},"end":{"line":2440,"column":14}},"294":{"start":{"line":2442,"column":12},"end":{"line":2444,"column":13}},"295":{"start":{"line":2443,"column":14},"end":{"line":2443,"column":65}},"296":{"start":{"line":2446,"column":12},"end":{"line":2446,"column":43}},"297":{"start":{"line":2450,"column":34},"end":{"line":2450,"column":50}},"298":{"start":{"line":2451,"column":10},"end":{"line":2462,"column":11}},"299":{"start":{"line":2452,"column":27},"end":{"line":2455,"column":14}},"300":{"start":{"line":2457,"column":12},"end":{"line":2459,"column":13}},"301":{"start":{"line":2458,"column":14},"end":{"line":2458,"column":71}},"302":{"start":{"line":2461,"column":12},"end":{"line":2461,"column":49}},"303":{"start":{"line":2465,"column":29},"end":{"line":2467,"column":11}},"304":{"start":{"line":2469,"column":10},"end":{"line":2471,"column":11}},"305":{"start":{"line":2470,"column":12},"end":{"line":2470,"column":60}},"306":{"start":{"line":2473,"column":25},"end":{"line":2473,"column":101}},"307":{"start":{"line":2475,"column":10},"end":{"line":2488,"column":12}},"308":{"start":{"line":2492,"column":73},"end":{"line":2492,"column":77}},"309":{"start":{"line":2495,"column":28},"end":{"line":2498,"column":12}},"310":{"start":{"line":2500,"column":10},"end":{"line":2502,"column":11}},"311":{"start":{"line":2501,"column":12},"end":{"line":2501,"column":69}},"312":{"start":{"line":2504,"column":27},"end":{"line":2504,"column":39}},"313":{"start":{"line":2507,"column":29},"end":{"line":2510,"column":11}},"314":{"start":{"line":2512,"column":10},"end":{"line":2514,"column":11}},"315":{"start":{"line":2513,"column":12},"end":{"line":2513,"column":52}},"316":{"start":{"line":2516,"column":25},"end":{"line":2516,"column":101}},"317":{"start":{"line":2518,"column":10},"end":{"line":2532,"column":12}},"318":{"start":{"line":2536,"column":63},"end":{"line":2536,"column":67}},"319":{"start":{"line":2539,"column":28},"end":{"line":2542,"column":12}},"320":{"start":{"line":2544,"column":10},"end":{"line":2546,"column":11}},"321":{"start":{"line":2545,"column":12},"end":{"line":2545,"column":69}},"322":{"start":{"line":2548,"column":27},"end":{"line":2548,"column":39}},"323":{"start":{"line":2551,"column":29},"end":{"line":2554,"column":11}},"324":{"start":{"line":2556,"column":10},"end":{"line":2558,"column":11}},"325":{"start":{"line":2557,"column":12},"end":{"line":2557,"column":47}},"326":{"start":{"line":2560,"column":25},"end":{"line":2560,"column":101}},"327":{"start":{"line":2562,"column":10},"end":{"line":2576,"column":12}},"328":{"start":{"line":2581,"column":45},"end":{"line":2581,"column":49}},"329":{"start":{"line":2584,"column":26},"end":{"line":2587,"column":12}},"330":{"start":{"line":2589,"column":10},"end":{"line":2591,"column":11}},"331":{"start":{"line":2590,"column":12},"end":{"line":2590,"column":73}},"332":{"start":{"line":2593,"column":25},"end":{"line":2593,"column":35}},"333":{"start":{"line":2596,"column":25},"end":{"line":2598,"column":12}},"334":{"start":{"line":2600,"column":10},"end":{"line":2612,"column":12}},"335":{"start":{"line":2616,"column":67},"end":{"line":2616,"column":71}},"336":{"start":{"line":2619,"column":26},"end":{"line":2622,"column":12}},"337":{"start":{"line":2624,"column":10},"end":{"line":2626,"column":11}},"338":{"start":{"line":2625,"column":12},"end":{"line":2625,"column":73}},"339":{"start":{"line":2628,"column":25},"end":{"line":2628,"column":35}},"340":{"start":{"line":2631,"column":29},"end":{"line":2631,"column":40}},"341":{"start":{"line":2632,"column":10},"end":{"line":2643,"column":11}},"342":{"start":{"line":2633,"column":26},"end":{"line":2636,"column":14}},"343":{"start":{"line":2638,"column":12},"end":{"line":2640,"column":13}},"344":{"start":{"line":2639,"column":14},"end":{"line":2639,"column":65}},"345":{"start":{"line":2642,"column":12},"end":{"line":2642,"column":43}},"346":{"start":{"line":2646,"column":34},"end":{"line":2646,"column":50}},"347":{"start":{"line":2647,"column":10},"end":{"line":2658,"column":11}},"348":{"start":{"line":2648,"column":27},"end":{"line":2651,"column":14}},"349":{"start":{"line":2653,"column":12},"end":{"line":2655,"column":13}},"350":{"start":{"line":2654,"column":14},"end":{"line":2654,"column":71}},"351":{"start":{"line":2657,"column":12},"end":{"line":2657,"column":49}},"352":{"start":{"line":2661,"column":29},"end":{"line":2663,"column":11}},"353":{"start":{"line":2665,"column":10},"end":{"line":2667,"column":11}},"354":{"start":{"line":2666,"column":12},"end":{"line":2666,"column":60}},"355":{"start":{"line":2669,"column":25},"end":{"line":2669,"column":105}},"356":{"start":{"line":2671,"column":10},"end":{"line":2684,"column":12}},"357":{"start":{"line":2688,"column":55},"end":{"line":2688,"column":59}},"358":{"start":{"line":2691,"column":26},"end":{"line":2694,"column":12}},"359":{"start":{"line":2696,"column":10},"end":{"line":2698,"column":11}},"360":{"start":{"line":2697,"column":12},"end":{"line":2697,"column":73}},"361":{"start":{"line":2700,"column":25},"end":{"line":2700,"column":35}},"362":{"start":{"line":2703,"column":29},"end":{"line":2705,"column":11}},"363":{"start":{"line":2707,"column":10},"end":{"line":2709,"column":11}},"364":{"start":{"line":2708,"column":12},"end":{"line":2708,"column":52}},"365":{"start":{"line":2711,"column":25},"end":{"line":2711,"column":105}},"366":{"start":{"line":2713,"column":10},"end":{"line":2726,"column":12}},"367":{"start":{"line":2731,"column":46},"end":{"line":2731,"column":50}},"368":{"start":{"line":2734,"column":27},"end":{"line":2737,"column":12}},"369":{"start":{"line":2739,"column":10},"end":{"line":2741,"column":11}},"370":{"start":{"line":2740,"column":12},"end":{"line":2740,"column":67}},"371":{"start":{"line":2743,"column":26},"end":{"line":2743,"column":37}},"372":{"start":{"line":2746,"column":25},"end":{"line":2748,"column":12}},"373":{"start":{"line":2750,"column":10},"end":{"line":2762,"column":12}},"374":{"start":{"line":2766,"column":72},"end":{"line":2766,"column":76}},"375":{"start":{"line":2769,"column":27},"end":{"line":2772,"column":12}},"376":{"start":{"line":2774,"column":10},"end":{"line":2776,"column":11}},"377":{"start":{"line":2775,"column":12},"end":{"line":2775,"column":67}},"378":{"start":{"line":2778,"column":26},"end":{"line":2778,"column":37}},"379":{"start":{"line":2781,"column":29},"end":{"line":2784,"column":11}},"380":{"start":{"line":2786,"column":10},"end":{"line":2788,"column":11}},"381":{"start":{"line":2787,"column":12},"end":{"line":2787,"column":57}},"382":{"start":{"line":2790,"column":25},"end":{"line":2790,"column":99}},"383":{"start":{"line":2792,"column":10},"end":{"line":2806,"column":12}},"384":{"start":{"line":2810,"column":10},"end":{"line":2810,"column":51}},"385":{"start":{"line":2813,"column":6},"end":{"line":2819,"column":8}},"386":{"start":{"line":2824,"column":2},"end":{"line":2841,"column":5}},"387":{"start":{"line":2825,"column":4},"end":{"line":2840,"column":6}},"388":{"start":{"line":2843,"column":2},"end":{"line":2884,"column":5}},"389":{"start":{"line":2844,"column":20},"end":{"line":2844,"column":34}},"390":{"start":{"line":2846,"column":4},"end":{"line":2871,"column":5}},"391":{"start":{"line":2847,"column":21},"end":{"line":2862,"column":7}},"392":{"start":{"line":2864,"column":6},"end":{"line":2870,"column":8}},"393":{"start":{"line":2873,"column":4},"end":{"line":2881,"column":5}},"394":{"start":{"line":2874,"column":6},"end":{"line":2880,"column":8}},"395":{"start":{"line":2883,"column":4},"end":{"line":2883,"column":48}},"396":{"start":{"line":2886,"column":2},"end":{"line":2886,"column":16}}},"fnMap":{"0":{"name":"createMcpServer","decl":{"start":{"line":9,"column":22},"end":{"line":9,"column":37}},"loc":{"start":{"line":9,"column":56},"end":{"line":2887,"column":1}},"line":9},"1":{"name":"(anonymous_1)","decl":{"start":{"line":25,"column":39},"end":{"line":25,"column":40}},"loc":{"start":{"line":25,"column":52},"end":{"line":36,"column":3}},"line":25},"2":{"name":"(anonymous_2)","decl":{"start":{"line":46,"column":37},"end":{"line":46,"column":38}},"loc":{"start":{"line":46,"column":55},"end":{"line":50,"column":5}},"line":46},"3":{"name":"(anonymous_3)","decl":{"start":{"line":58,"column":51},"end":{"line":58,"column":52}},"loc":{"start":{"line":58,"column":63},"end":{"line":1247,"column":3}},"line":58},"4":{"name":"(anonymous_4)","decl":{"start":{"line":1249,"column":50},"end":{"line":1249,"column":51}},"loc":{"start":{"line":1249,"column":69},"end":{"line":2821,"column":3}},"line":1249},"5":{"name":"(anonymous_5)","decl":{"start":{"line":1450,"column":47},"end":{"line":1450,"column":48}},"loc":{"start":{"line":1450,"column":52},"end":{"line":1450,"column":84}},"line":1450},"6":{"name":"(anonymous_6)","decl":{"start":{"line":1453,"column":45},"end":{"line":1453,"column":46}},"loc":{"start":{"line":1453,"column":58},"end":{"line":1463,"column":11}},"line":1453},"7":{"name":"(anonymous_7)","decl":{"start":{"line":1705,"column":48},"end":{"line":1705,"column":49}},"loc":{"start":{"line":1705,"column":60},"end":{"line":1707,"column":13}},"line":1705},"8":{"name":"(anonymous_8)","decl":{"start":{"line":2187,"column":24},"end":{"line":2187,"column":25}},"loc":{"start":{"line":2187,"column":29},"end":{"line":2187,"column":67}},"line":2187},"9":{"name":"(anonymous_9)","decl":{"start":{"line":2313,"column":70},"end":{"line":2313,"column":71}},"loc":{"start":{"line":2313,"column":75},"end":{"line":2313,"column":115}},"line":2313},"10":{"name":"(anonymous_10)","decl":{"start":{"line":2315,"column":63},"end":{"line":2315,"column":64}},"loc":{"start":{"line":2315,"column":68},"end":{"line":2315,"column":97}},"line":2315},"11":{"name":"(anonymous_11)","decl":{"start":{"line":2824,"column":55},"end":{"line":2824,"column":56}},"loc":{"start":{"line":2824,"column":67},"end":{"line":2841,"column":3}},"line":2824},"12":{"name":"(anonymous_12)","decl":{"start":{"line":2843,"column":54},"end":{"line":2843,"column":55}},"loc":{"start":{"line":2843,"column":73},"end":{"line":2884,"column":3}},"line":2843}},"branchMap":{"0":{"loc":{"start":{"line":47,"column":6},"end":{"line":49,"column":7}},"type":"if","locations":[{"start":{"line":47,"column":6},"end":{"line":49,"column":7}},{"start":{},"end":{}}],"line":47},"1":{"loc":{"start":{"line":47,"column":10},"end":{"line":47,"column":74}},"type":"binary-expr","locations":[{"start":{"line":47,"column":10},"end":{"line":47,"column":30}},{"start":{"line":47,"column":34},"end":{"line":47,"column":59}},{"start":{"line":47,"column":63},"end":{"line":47,"column":74}}],"line":47},"2":{"loc":{"start":{"line":1253,"column":6},"end":{"line":2811,"column":7}},"type":"switch","locations":[{"start":{"line":1254,"column":8},"end":{"line":1294,"column":9}},{"start":{"line":1296,"column":8},"end":{"line":1307,"column":9}},{"start":{"line":1309,"column":8},"end":{"line":1331,"column":9}},{"start":{"line":1333,"column":8},"end":{"line":1347,"column":9}},{"start":{"line":1349,"column":8},"end":{"line":1363,"column":9}},{"start":{"line":1365,"column":8},"end":{"line":1379,"column":9}},{"start":{"line":1381,"column":8},"end":{"line":1435,"column":9}},{"start":{"line":1437,"column":8},"end":{"line":1471,"column":9}},{"start":{"line":1474,"column":8},"end":{"line":1504,"column":9}},{"start":{"line":1506,"column":8},"end":{"line":1514,"column":9}},{"start":{"line":1516,"column":8},"end":{"line":1524,"column":9}},{"start":{"line":1526,"column":8},"end":{"line":1548,"column":9}},{"start":{"line":1550,"column":8},"end":{"line":1572,"column":9}},{"start":{"line":1574,"column":8},"end":{"line":1596,"column":9}},{"start":{"line":1598,"column":8},"end":{"line":1628,"column":9}},{"start":{"line":1630,"column":8},"end":{"line":1652,"column":9}},{"start":{"line":1654,"column":8},"end":{"line":1729,"column":9}},{"start":{"line":1731,"column":8},"end":{"line":1838,"column":9}},{"start":{"line":1840,"column":8},"end":{"line":1849,"column":9}},{"start":{"line":1851,"column":8},"end":{"line":1873,"column":9}},{"start":{"line":1875,"column":8},"end":{"line":1908,"column":9}},{"start":{"line":1910,"column":8},"end":{"line":1997,"column":9}},{"start":{"line":1999,"column":8},"end":{"line":2054,"column":9}},{"start":{"line":2056,"column":8},"end":{"line":2083,"column":9}},{"start":{"line":2085,"column":8},"end":{"line":2097,"column":9}},{"start":{"line":2099,"column":8},"end":{"line":2111,"column":9}},{"start":{"line":2113,"column":8},"end":{"line":2125,"column":9}},{"start":{"line":2127,"column":8},"end":{"line":2139,"column":9}},{"start":{"line":2141,"column":8},"end":{"line":2156,"column":9}},{"start":{"line":2158,"column":8},"end":{"line":2197,"column":9}},{"start":{"line":2199,"column":8},"end":{"line":2228,"column":9}},{"start":{"line":2230,"column":8},"end":{"line":2269,"column":9}},{"start":{"line":2271,"column":8},"end":{"line":2290,"column":9}},{"start":{"line":2292,"column":8},"end":{"line":2321,"column":9}},{"start":{"line":2323,"column":8},"end":{"line":2346,"column":9}},{"start":{"line":2349,"column":8},"end":{"line":2382,"column":9}},{"start":{"line":2384,"column":8},"end":{"line":2417,"column":9}},{"start":{"line":2419,"column":8},"end":{"line":2489,"column":9}},{"start":{"line":2491,"column":8},"end":{"line":2533,"column":9}},{"start":{"line":2535,"column":8},"end":{"line":2577,"column":9}},{"start":{"line":2580,"column":8},"end":{"line":2613,"column":9}},{"start":{"line":2615,"column":8},"end":{"line":2685,"column":9}},{"start":{"line":2687,"column":8},"end":{"line":2727,"column":9}},{"start":{"line":2730,"column":8},"end":{"line":2763,"column":9}},{"start":{"line":2765,"column":8},"end":{"line":2807,"column":9}},{"start":{"line":2809,"column":8},"end":{"line":2810,"column":51}}],"line":1253},"3":{"loc":{"start":{"line":1258,"column":10},"end":{"line":1270,"column":11}},"type":"if","locations":[{"start":{"line":1258,"column":10},"end":{"line":1270,"column":11}},{"start":{},"end":{}}],"line":1258},"4":{"loc":{"start":{"line":1310,"column":45},"end":{"line":1310,"column":55}},"type":"default-arg","locations":[{"start":{"line":1310,"column":53},"end":{"line":1310,"column":55}}],"line":1310},"5":{"loc":{"start":{"line":1319,"column":10},"end":{"line":1321,"column":11}},"type":"if","locations":[{"start":{"line":1319,"column":10},"end":{"line":1321,"column":11}},{"start":{},"end":{}}],"line":1319},"6":{"loc":{"start":{"line":1338,"column":27},"end":{"line":1338,"column":58}},"type":"binary-expr","locations":[{"start":{"line":1338,"column":27},"end":{"line":1338,"column":46}},{"start":{"line":1338,"column":50},"end":{"line":1338,"column":58}}],"line":1338},"7":{"loc":{"start":{"line":1339,"column":29},"end":{"line":1339,"column":62}},"type":"binary-expr","locations":[{"start":{"line":1339,"column":29},"end":{"line":1339,"column":45}},{"start":{"line":1339,"column":49},"end":{"line":1339,"column":62}}],"line":1339},"8":{"loc":{"start":{"line":1344,"column":31},"end":{"line":1344,"column":60}},"type":"binary-expr","locations":[{"start":{"line":1344,"column":31},"end":{"line":1344,"column":46}},{"start":{"line":1344,"column":50},"end":{"line":1344,"column":60}}],"line":1344},"9":{"loc":{"start":{"line":1353,"column":10},"end":{"line":1353,"column":58}},"type":"if","locations":[{"start":{"line":1353,"column":10},"end":{"line":1353,"column":58}},{"start":{},"end":{}}],"line":1353},"10":{"loc":{"start":{"line":1370,"column":27},"end":{"line":1370,"column":58}},"type":"binary-expr","locations":[{"start":{"line":1370,"column":27},"end":{"line":1370,"column":46}},{"start":{"line":1370,"column":50},"end":{"line":1370,"column":58}}],"line":1370},"11":{"loc":{"start":{"line":1371,"column":29},"end":{"line":1371,"column":55}},"type":"binary-expr","locations":[{"start":{"line":1371,"column":29},"end":{"line":1371,"column":45}},{"start":{"line":1371,"column":49},"end":{"line":1371,"column":55}}],"line":1371},"12":{"loc":{"start":{"line":1376,"column":31},"end":{"line":1376,"column":60}},"type":"binary-expr","locations":[{"start":{"line":1376,"column":31},"end":{"line":1376,"column":46}},{"start":{"line":1376,"column":50},"end":{"line":1376,"column":60}}],"line":1376},"13":{"loc":{"start":{"line":1385,"column":10},"end":{"line":1416,"column":11}},"type":"if","locations":[{"start":{"line":1385,"column":10},"end":{"line":1416,"column":11}},{"start":{},"end":{}}],"line":1385},"14":{"loc":{"start":{"line":1426,"column":33},"end":{"line":1426,"column":61}},"type":"binary-expr","locations":[{"start":{"line":1426,"column":33},"end":{"line":1426,"column":55}},{"start":{"line":1426,"column":59},"end":{"line":1426,"column":61}}],"line":1426},"15":{"loc":{"start":{"line":1427,"column":31},"end":{"line":1427,"column":57}},"type":"binary-expr","locations":[{"start":{"line":1427,"column":31},"end":{"line":1427,"column":51}},{"start":{"line":1427,"column":55},"end":{"line":1427,"column":57}}],"line":1427},"16":{"loc":{"start":{"line":1428,"column":28},"end":{"line":1428,"column":85}},"type":"binary-expr","locations":[{"start":{"line":1428,"column":28},"end":{"line":1428,"column":45}},{"start":{"line":1428,"column":49},"end":{"line":1428,"column":85}}],"line":1428},"17":{"loc":{"start":{"line":1449,"column":10},"end":{"line":1451,"column":11}},"type":"if","locations":[{"start":{"line":1449,"column":10},"end":{"line":1451,"column":11}},{"start":{},"end":{}}],"line":1449},"18":{"loc":{"start":{"line":1449,"column":14},"end":{"line":1449,"column":68}},"type":"binary-expr","locations":[{"start":{"line":1449,"column":14},"end":{"line":1449,"column":22}},{"start":{"line":1449,"column":26},"end":{"line":1449,"column":44}},{"start":{"line":1449,"column":48},"end":{"line":1449,"column":68}}],"line":1449},"19":{"loc":{"start":{"line":1475,"column":42},"end":{"line":1475,"column":52}},"type":"default-arg","locations":[{"start":{"line":1475,"column":50},"end":{"line":1475,"column":52}}],"line":1475},"20":{"loc":{"start":{"line":1477,"column":27},"end":{"line":1477,"column":38}},"type":"binary-expr","locations":[{"start":{"line":1477,"column":27},"end":{"line":1477,"column":32}},{"start":{"line":1477,"column":36},"end":{"line":1477,"column":38}}],"line":1477},"21":{"loc":{"start":{"line":1478,"column":10},"end":{"line":1480,"column":11}},"type":"if","locations":[{"start":{"line":1478,"column":10},"end":{"line":1480,"column":11}},{"start":{},"end":{}}],"line":1478},"22":{"loc":{"start":{"line":1478,"column":14},"end":{"line":1478,"column":52}},"type":"binary-expr","locations":[{"start":{"line":1478,"column":14},"end":{"line":1478,"column":19}},{"start":{"line":1478,"column":23},"end":{"line":1478,"column":52}}],"line":1478},"23":{"loc":{"start":{"line":1479,"column":27},"end":{"line":1479,"column":48}},"type":"cond-expr","locations":[{"start":{"line":1479,"column":40},"end":{"line":1479,"column":43}},{"start":{"line":1479,"column":46},"end":{"line":1479,"column":48}}],"line":1479},"24":{"loc":{"start":{"line":1481,"column":10},"end":{"line":1483,"column":11}},"type":"if","locations":[{"start":{"line":1481,"column":10},"end":{"line":1483,"column":11}},{"start":{},"end":{}}],"line":1481},"25":{"loc":{"start":{"line":1481,"column":14},"end":{"line":1481,"column":58}},"type":"binary-expr","locations":[{"start":{"line":1481,"column":14},"end":{"line":1481,"column":22}},{"start":{"line":1481,"column":26},"end":{"line":1481,"column":58}}],"line":1481},"26":{"loc":{"start":{"line":1482,"column":27},"end":{"line":1482,"column":48}},"type":"cond-expr","locations":[{"start":{"line":1482,"column":40},"end":{"line":1482,"column":43}},{"start":{"line":1482,"column":46},"end":{"line":1482,"column":48}}],"line":1482},"27":{"loc":{"start":{"line":1487,"column":27},"end":{"line":1487,"column":50}},"type":"binary-expr","locations":[{"start":{"line":1487,"column":27},"end":{"line":1487,"column":37}},{"start":{"line":1487,"column":41},"end":{"line":1487,"column":50}}],"line":1487},"28":{"loc":{"start":{"line":1492,"column":10},"end":{"line":1494,"column":11}},"type":"if","locations":[{"start":{"line":1492,"column":10},"end":{"line":1494,"column":11}},{"start":{},"end":{}}],"line":1492},"29":{"loc":{"start":{"line":1527,"column":25},"end":{"line":1527,"column":35}},"type":"default-arg","locations":[{"start":{"line":1527,"column":33},"end":{"line":1527,"column":35}}],"line":1527},"30":{"loc":{"start":{"line":1536,"column":10},"end":{"line":1538,"column":11}},"type":"if","locations":[{"start":{"line":1536,"column":10},"end":{"line":1538,"column":11}},{"start":{},"end":{}}],"line":1536},"31":{"loc":{"start":{"line":1551,"column":25},"end":{"line":1551,"column":35}},"type":"default-arg","locations":[{"start":{"line":1551,"column":33},"end":{"line":1551,"column":35}}],"line":1551},"32":{"loc":{"start":{"line":1560,"column":10},"end":{"line":1562,"column":11}},"type":"if","locations":[{"start":{"line":1560,"column":10},"end":{"line":1562,"column":11}},{"start":{},"end":{}}],"line":1560},"33":{"loc":{"start":{"line":1575,"column":25},"end":{"line":1575,"column":35}},"type":"default-arg","locations":[{"start":{"line":1575,"column":33},"end":{"line":1575,"column":35}}],"line":1575},"34":{"loc":{"start":{"line":1584,"column":10},"end":{"line":1586,"column":11}},"type":"if","locations":[{"start":{"line":1584,"column":10},"end":{"line":1586,"column":11}},{"start":{},"end":{}}],"line":1584},"35":{"loc":{"start":{"line":1599,"column":38},"end":{"line":1599,"column":48}},"type":"default-arg","locations":[{"start":{"line":1599,"column":46},"end":{"line":1599,"column":48}}],"line":1599},"36":{"loc":{"start":{"line":1601,"column":27},"end":{"line":1601,"column":38}},"type":"binary-expr","locations":[{"start":{"line":1601,"column":27},"end":{"line":1601,"column":32}},{"start":{"line":1601,"column":36},"end":{"line":1601,"column":38}}],"line":1601},"37":{"loc":{"start":{"line":1602,"column":10},"end":{"line":1604,"column":11}},"type":"if","locations":[{"start":{"line":1602,"column":10},"end":{"line":1604,"column":11}},{"start":{},"end":{}}],"line":1602},"38":{"loc":{"start":{"line":1602,"column":14},"end":{"line":1602,"column":52}},"type":"binary-expr","locations":[{"start":{"line":1602,"column":14},"end":{"line":1602,"column":19}},{"start":{"line":1602,"column":23},"end":{"line":1602,"column":52}}],"line":1602},"39":{"loc":{"start":{"line":1603,"column":27},"end":{"line":1603,"column":48}},"type":"cond-expr","locations":[{"start":{"line":1603,"column":40},"end":{"line":1603,"column":43}},{"start":{"line":1603,"column":46},"end":{"line":1603,"column":48}}],"line":1603},"40":{"loc":{"start":{"line":1605,"column":10},"end":{"line":1607,"column":11}},"type":"if","locations":[{"start":{"line":1605,"column":10},"end":{"line":1607,"column":11}},{"start":{},"end":{}}],"line":1605},"41":{"loc":{"start":{"line":1605,"column":14},"end":{"line":1605,"column":50}},"type":"binary-expr","locations":[{"start":{"line":1605,"column":14},"end":{"line":1605,"column":18}},{"start":{"line":1605,"column":22},"end":{"line":1605,"column":50}}],"line":1605},"42":{"loc":{"start":{"line":1606,"column":27},"end":{"line":1606,"column":48}},"type":"cond-expr","locations":[{"start":{"line":1606,"column":40},"end":{"line":1606,"column":43}},{"start":{"line":1606,"column":46},"end":{"line":1606,"column":48}}],"line":1606},"43":{"loc":{"start":{"line":1611,"column":27},"end":{"line":1611,"column":50}},"type":"binary-expr","locations":[{"start":{"line":1611,"column":27},"end":{"line":1611,"column":37}},{"start":{"line":1611,"column":41},"end":{"line":1611,"column":50}}],"line":1611},"44":{"loc":{"start":{"line":1616,"column":10},"end":{"line":1618,"column":11}},"type":"if","locations":[{"start":{"line":1616,"column":10},"end":{"line":1618,"column":11}},{"start":{},"end":{}}],"line":1616},"45":{"loc":{"start":{"line":1631,"column":25},"end":{"line":1631,"column":35}},"type":"default-arg","locations":[{"start":{"line":1631,"column":33},"end":{"line":1631,"column":35}}],"line":1631},"46":{"loc":{"start":{"line":1640,"column":10},"end":{"line":1642,"column":11}},"type":"if","locations":[{"start":{"line":1640,"column":10},"end":{"line":1642,"column":11}},{"start":{},"end":{}}],"line":1640},"47":{"loc":{"start":{"line":1655,"column":25},"end":{"line":1655,"column":43}},"type":"default-arg","locations":[{"start":{"line":1655,"column":33},"end":{"line":1655,"column":43}}],"line":1655},"48":{"loc":{"start":{"line":1655,"column":45},"end":{"line":1655,"column":55}},"type":"default-arg","locations":[{"start":{"line":1655,"column":53},"end":{"line":1655,"column":55}}],"line":1655},"49":{"loc":{"start":{"line":1655,"column":75},"end":{"line":1655,"column":95}},"type":"default-arg","locations":[{"start":{"line":1655,"column":91},"end":{"line":1655,"column":95}}],"line":1655},"50":{"loc":{"start":{"line":1663,"column":10},"end":{"line":1676,"column":11}},"type":"if","locations":[{"start":{"line":1663,"column":10},"end":{"line":1676,"column":11}},{"start":{},"end":{}}],"line":1663},"51":{"loc":{"start":{"line":1673,"column":2},"end":{"line":1673,"column":101}},"type":"cond-expr","locations":[{"start":{"line":1673,"column":18},"end":{"line":1673,"column":96}},{"start":{"line":1673,"column":99},"end":{"line":1673,"column":101}}],"line":1673},"52":{"loc":{"start":{"line":1686,"column":10},"end":{"line":1688,"column":11}},"type":"if","locations":[{"start":{"line":1686,"column":10},"end":{"line":1688,"column":11}},{"start":{},"end":{}}],"line":1686},"53":{"loc":{"start":{"line":1703,"column":10},"end":{"line":1709,"column":11}},"type":"if","locations":[{"start":{"line":1703,"column":10},"end":{"line":1709,"column":11}},{"start":{},"end":{}}],"line":1703},"54":{"loc":{"start":{"line":1703,"column":14},"end":{"line":1703,"column":69}},"type":"binary-expr","locations":[{"start":{"line":1703,"column":14},"end":{"line":1703,"column":27}},{"start":{"line":1703,"column":31},"end":{"line":1703,"column":69}}],"line":1703},"55":{"loc":{"start":{"line":1712,"column":10},"end":{"line":1714,"column":11}},"type":"if","locations":[{"start":{"line":1712,"column":10},"end":{"line":1714,"column":11}},{"start":{},"end":{}}],"line":1712},"56":{"loc":{"start":{"line":1712,"column":14},"end":{"line":1712,"column":79}},"type":"binary-expr","locations":[{"start":{"line":1712,"column":14},"end":{"line":1712,"column":39}},{"start":{"line":1712,"column":43},"end":{"line":1712,"column":79}}],"line":1712},"57":{"loc":{"start":{"line":1717,"column":10},"end":{"line":1721,"column":11}},"type":"if","locations":[{"start":{"line":1717,"column":10},"end":{"line":1721,"column":11}},{"start":{"line":1719,"column":17},"end":{"line":1721,"column":11}}],"line":1717},"58":{"loc":{"start":{"line":1740,"column":12},"end":{"line":1771,"column":13}},"type":"if","locations":[{"start":{"line":1740,"column":12},"end":{"line":1771,"column":13}},{"start":{"line":1759,"column":19},"end":{"line":1771,"column":13}}],"line":1740},"59":{"loc":{"start":{"line":1754,"column":17},"end":{"line":1754,"column":66}},"type":"cond-expr","locations":[{"start":{"line":1754,"column":54},"end":{"line":1754,"column":59}},{"start":{"line":1754,"column":62},"end":{"line":1754,"column":66}}],"line":1754},"60":{"loc":{"start":{"line":1852,"column":25},"end":{"line":1852,"column":35}},"type":"default-arg","locations":[{"start":{"line":1852,"column":33},"end":{"line":1852,"column":35}}],"line":1852},"61":{"loc":{"start":{"line":1861,"column":10},"end":{"line":1863,"column":11}},"type":"if","locations":[{"start":{"line":1861,"column":10},"end":{"line":1863,"column":11}},{"start":{},"end":{}}],"line":1861},"62":{"loc":{"start":{"line":1924,"column":2},"end":{"line":1924,"column":52}},"type":"cond-expr","locations":[{"start":{"line":1924,"column":16},"end":{"line":1924,"column":47}},{"start":{"line":1924,"column":50},"end":{"line":1924,"column":52}}],"line":1924},"63":{"loc":{"start":{"line":1929,"column":17},"end":{"line":1929,"column":50}},"type":"cond-expr","locations":[{"start":{"line":1929,"column":38},"end":{"line":1929,"column":43}},{"start":{"line":1929,"column":46},"end":{"line":1929,"column":50}}],"line":1929},"64":{"loc":{"start":{"line":1938,"column":29},"end":{"line":1938,"column":61}},"type":"cond-expr","locations":[{"start":{"line":1938,"column":51},"end":{"line":1938,"column":56}},{"start":{"line":1938,"column":59},"end":{"line":1938,"column":61}}],"line":1938},"65":{"loc":{"start":{"line":1960,"column":5},"end":{"line":1960,"column":53}},"type":"cond-expr","locations":[{"start":{"line":1960,"column":19},"end":{"line":1960,"column":48}},{"start":{"line":1960,"column":51},"end":{"line":1960,"column":53}}],"line":1960},"66":{"loc":{"start":{"line":1993,"column":29},"end":{"line":1993,"column":61}},"type":"cond-expr","locations":[{"start":{"line":1993,"column":51},"end":{"line":1993,"column":56}},{"start":{"line":1993,"column":59},"end":{"line":1993,"column":61}}],"line":1993},"67":{"loc":{"start":{"line":2000,"column":60},"end":{"line":2000,"column":79}},"type":"default-arg","locations":[{"start":{"line":2000,"column":74},"end":{"line":2000,"column":79}}],"line":2000},"68":{"loc":{"start":{"line":2020,"column":5},"end":{"line":2020,"column":53}},"type":"cond-expr","locations":[{"start":{"line":2020,"column":19},"end":{"line":2020,"column":48}},{"start":{"line":2020,"column":51},"end":{"line":2020,"column":53}}],"line":2020},"69":{"loc":{"start":{"line":2028,"column":5},"end":{"line":2028,"column":72}},"type":"cond-expr","locations":[{"start":{"line":2028,"column":19},"end":{"line":2028,"column":67}},{"start":{"line":2028,"column":70},"end":{"line":2028,"column":72}}],"line":2028},"70":{"loc":{"start":{"line":2048,"column":22},"end":{"line":2048,"column":90}},"type":"cond-expr","locations":[{"start":{"line":2048,"column":36},"end":{"line":2048,"column":85}},{"start":{"line":2048,"column":88},"end":{"line":2048,"column":90}}],"line":2048},"71":{"loc":{"start":{"line":2051,"column":37},"end":{"line":2051,"column":77}},"type":"cond-expr","locations":[{"start":{"line":2051,"column":67},"end":{"line":2051,"column":72}},{"start":{"line":2051,"column":75},"end":{"line":2051,"column":77}}],"line":2051},"72":{"loc":{"start":{"line":2059,"column":12},"end":{"line":2059,"column":38}},"type":"default-arg","locations":[{"start":{"line":2059,"column":33},"end":{"line":2059,"column":38}}],"line":2059},"73":{"loc":{"start":{"line":2060,"column":12},"end":{"line":2060,"column":41}},"type":"default-arg","locations":[{"start":{"line":2060,"column":36},"end":{"line":2060,"column":41}}],"line":2060},"74":{"loc":{"start":{"line":2061,"column":12},"end":{"line":2061,"column":41}},"type":"default-arg","locations":[{"start":{"line":2061,"column":36},"end":{"line":2061,"column":41}}],"line":2061},"75":{"loc":{"start":{"line":2062,"column":12},"end":{"line":2062,"column":39}},"type":"default-arg","locations":[{"start":{"line":2062,"column":34},"end":{"line":2062,"column":39}}],"line":2062},"76":{"loc":{"start":{"line":2063,"column":12},"end":{"line":2063,"column":42}},"type":"default-arg","locations":[{"start":{"line":2063,"column":37},"end":{"line":2063,"column":42}}],"line":2063},"77":{"loc":{"start":{"line":2064,"column":12},"end":{"line":2064,"column":45}},"type":"default-arg","locations":[{"start":{"line":2064,"column":40},"end":{"line":2064,"column":45}}],"line":2064},"78":{"loc":{"start":{"line":2086,"column":30},"end":{"line":2086,"column":48}},"type":"default-arg","locations":[{"start":{"line":2086,"column":44},"end":{"line":2086,"column":48}}],"line":2086},"79":{"loc":{"start":{"line":2086,"column":50},"end":{"line":2086,"column":65}},"type":"default-arg","locations":[{"start":{"line":2086,"column":61},"end":{"line":2086,"column":65}}],"line":2086},"80":{"loc":{"start":{"line":2094,"column":36},"end":{"line":2094,"column":75}},"type":"cond-expr","locations":[{"start":{"line":2094,"column":53},"end":{"line":2094,"column":64}},{"start":{"line":2094,"column":67},"end":{"line":2094,"column":75}}],"line":2094},"81":{"loc":{"start":{"line":2100,"column":27},"end":{"line":2100,"column":48}},"type":"default-arg","locations":[{"start":{"line":2100,"column":43},"end":{"line":2100,"column":48}}],"line":2100},"82":{"loc":{"start":{"line":2100,"column":50},"end":{"line":2100,"column":65}},"type":"default-arg","locations":[{"start":{"line":2100,"column":61},"end":{"line":2100,"column":65}}],"line":2100},"83":{"loc":{"start":{"line":2108,"column":36},"end":{"line":2108,"column":90}},"type":"cond-expr","locations":[{"start":{"line":2108,"column":53},"end":{"line":2108,"column":64}},{"start":{"line":2108,"column":67},"end":{"line":2108,"column":90}}],"line":2108},"84":{"loc":{"start":{"line":2114,"column":32},"end":{"line":2114,"column":55}},"type":"default-arg","locations":[{"start":{"line":2114,"column":51},"end":{"line":2114,"column":55}}],"line":2114},"85":{"loc":{"start":{"line":2128,"column":32},"end":{"line":2128,"column":43}},"type":"default-arg","locations":[{"start":{"line":2128,"column":41},"end":{"line":2128,"column":43}}],"line":2128},"86":{"loc":{"start":{"line":2136,"column":34},"end":{"line":2136,"column":72}},"type":"cond-expr","locations":[{"start":{"line":2136,"column":53},"end":{"line":2136,"column":61}},{"start":{"line":2136,"column":64},"end":{"line":2136,"column":72}}],"line":2136},"87":{"loc":{"start":{"line":2142,"column":30},"end":{"line":2142,"column":52}},"type":"default-arg","locations":[{"start":{"line":2142,"column":48},"end":{"line":2142,"column":52}}],"line":2142},"88":{"loc":{"start":{"line":2142,"column":54},"end":{"line":2142,"column":79}},"type":"default-arg","locations":[{"start":{"line":2142,"column":74},"end":{"line":2142,"column":79}}],"line":2142},"89":{"loc":{"start":{"line":2159,"column":80},"end":{"line":2159,"column":95}},"type":"default-arg","locations":[{"start":{"line":2159,"column":90},"end":{"line":2159,"column":95}}],"line":2159},"90":{"loc":{"start":{"line":2159,"column":97},"end":{"line":2159,"column":112}},"type":"default-arg","locations":[{"start":{"line":2159,"column":108},"end":{"line":2159,"column":112}}],"line":2159},"91":{"loc":{"start":{"line":2184,"column":10},"end":{"line":2184,"column":50}},"type":"cond-expr","locations":[{"start":{"line":2184,"column":29},"end":{"line":2184,"column":40}},{"start":{"line":2184,"column":43},"end":{"line":2184,"column":50}}],"line":2184},"92":{"loc":{"start":{"line":2191,"column":2},"end":{"line":2191,"column":137}},"type":"cond-expr","locations":[{"start":{"line":2191,"column":21},"end":{"line":2191,"column":64}},{"start":{"line":2191,"column":67},"end":{"line":2191,"column":137}}],"line":2191},"93":{"loc":{"start":{"line":2243,"column":10},"end":{"line":2252,"column":11}},"type":"if","locations":[{"start":{"line":2243,"column":10},"end":{"line":2252,"column":11}},{"start":{},"end":{}}],"line":2243},"94":{"loc":{"start":{"line":2264,"column":2},"end":{"line":2264,"column":98}},"type":"cond-expr","locations":[{"start":{"line":2264,"column":21},"end":{"line":2264,"column":60}},{"start":{"line":2264,"column":63},"end":{"line":2264,"column":98}}],"line":2264},"95":{"loc":{"start":{"line":2266,"column":82},"end":{"line":2266,"column":134}},"type":"cond-expr","locations":[{"start":{"line":2266,"column":101},"end":{"line":2266,"column":129}},{"start":{"line":2266,"column":132},"end":{"line":2266,"column":134}}],"line":2266},"96":{"loc":{"start":{"line":2293,"column":87},"end":{"line":2293,"column":102}},"type":"default-arg","locations":[{"start":{"line":2293,"column":98},"end":{"line":2293,"column":102}}],"line":2293},"97":{"loc":{"start":{"line":2313,"column":2},"end":{"line":2313,"column":134}},"type":"cond-expr","locations":[{"start":{"line":2313,"column":30},"end":{"line":2313,"column":129}},{"start":{"line":2313,"column":132},"end":{"line":2313,"column":134}}],"line":2313},"98":{"loc":{"start":{"line":2315,"column":2},"end":{"line":2315,"column":116}},"type":"cond-expr","locations":[{"start":{"line":2315,"column":29},"end":{"line":2315,"column":111}},{"start":{"line":2315,"column":114},"end":{"line":2315,"column":116}}],"line":2315},"99":{"loc":{"start":{"line":2324,"column":50},"end":{"line":2324,"column":65}},"type":"default-arg","locations":[{"start":{"line":2324,"column":61},"end":{"line":2324,"column":65}}],"line":2324},"100":{"loc":{"start":{"line":2358,"column":10},"end":{"line":2360,"column":11}},"type":"if","locations":[{"start":{"line":2358,"column":10},"end":{"line":2360,"column":11}},{"start":{},"end":{}}],"line":2358},"101":{"loc":{"start":{"line":2358,"column":14},"end":{"line":2358,"column":50}},"type":"binary-expr","locations":[{"start":{"line":2358,"column":14},"end":{"line":2358,"column":24}},{"start":{"line":2358,"column":28},"end":{"line":2358,"column":50}}],"line":2358},"102":{"loc":{"start":{"line":2393,"column":10},"end":{"line":2395,"column":11}},"type":"if","locations":[{"start":{"line":2393,"column":10},"end":{"line":2395,"column":11}},{"start":{},"end":{}}],"line":2393},"103":{"loc":{"start":{"line":2393,"column":14},"end":{"line":2393,"column":50}},"type":"binary-expr","locations":[{"start":{"line":2393,"column":14},"end":{"line":2393,"column":24}},{"start":{"line":2393,"column":28},"end":{"line":2393,"column":50}}],"line":2393},"104":{"loc":{"start":{"line":2428,"column":10},"end":{"line":2430,"column":11}},"type":"if","locations":[{"start":{"line":2428,"column":10},"end":{"line":2430,"column":11}},{"start":{},"end":{}}],"line":2428},"105":{"loc":{"start":{"line":2428,"column":14},"end":{"line":2428,"column":50}},"type":"binary-expr","locations":[{"start":{"line":2428,"column":14},"end":{"line":2428,"column":24}},{"start":{"line":2428,"column":28},"end":{"line":2428,"column":50}}],"line":2428},"106":{"loc":{"start":{"line":2436,"column":10},"end":{"line":2447,"column":11}},"type":"if","locations":[{"start":{"line":2436,"column":10},"end":{"line":2447,"column":11}},{"start":{},"end":{}}],"line":2436},"107":{"loc":{"start":{"line":2442,"column":12},"end":{"line":2444,"column":13}},"type":"if","locations":[{"start":{"line":2442,"column":12},"end":{"line":2444,"column":13}},{"start":{},"end":{}}],"line":2442},"108":{"loc":{"start":{"line":2442,"column":16},"end":{"line":2442,"column":44}},"type":"binary-expr","locations":[{"start":{"line":2442,"column":16},"end":{"line":2442,"column":22}},{"start":{"line":2442,"column":26},"end":{"line":2442,"column":44}}],"line":2442},"109":{"loc":{"start":{"line":2451,"column":10},"end":{"line":2462,"column":11}},"type":"if","locations":[{"start":{"line":2451,"column":10},"end":{"line":2462,"column":11}},{"start":{},"end":{}}],"line":2451},"110":{"loc":{"start":{"line":2451,"column":14},"end":{"line":2451,"column":75}},"type":"binary-expr","locations":[{"start":{"line":2451,"column":14},"end":{"line":2451,"column":30}},{"start":{"line":2451,"column":34},"end":{"line":2451,"column":75}}],"line":2451},"111":{"loc":{"start":{"line":2457,"column":12},"end":{"line":2459,"column":13}},"type":"if","locations":[{"start":{"line":2457,"column":12},"end":{"line":2459,"column":13}},{"start":{},"end":{}}],"line":2457},"112":{"loc":{"start":{"line":2457,"column":16},"end":{"line":2457,"column":46}},"type":"binary-expr","locations":[{"start":{"line":2457,"column":16},"end":{"line":2457,"column":23}},{"start":{"line":2457,"column":27},"end":{"line":2457,"column":46}}],"line":2457},"113":{"loc":{"start":{"line":2469,"column":10},"end":{"line":2471,"column":11}},"type":"if","locations":[{"start":{"line":2469,"column":10},"end":{"line":2471,"column":11}},{"start":{},"end":{}}],"line":2469},"114":{"loc":{"start":{"line":2482,"column":15},"end":{"line":2482,"column":64}},"type":"binary-expr","locations":[{"start":{"line":2482,"column":15},"end":{"line":2482,"column":48}},{"start":{"line":2482,"column":52},"end":{"line":2482,"column":64}}],"line":2482},"115":{"loc":{"start":{"line":2483,"column":2},"end":{"line":2483,"column":109}},"type":"cond-expr","locations":[{"start":{"line":2483,"column":22},"end":{"line":2483,"column":104}},{"start":{"line":2483,"column":107},"end":{"line":2483,"column":109}}],"line":2483},"116":{"loc":{"start":{"line":2483,"column":43},"end":{"line":2483,"column":102}},"type":"binary-expr","locations":[{"start":{"line":2483,"column":43},"end":{"line":2483,"column":81}},{"start":{"line":2483,"column":85},"end":{"line":2483,"column":102}}],"line":2483},"117":{"loc":{"start":{"line":2500,"column":10},"end":{"line":2502,"column":11}},"type":"if","locations":[{"start":{"line":2500,"column":10},"end":{"line":2502,"column":11}},{"start":{},"end":{}}],"line":2500},"118":{"loc":{"start":{"line":2500,"column":14},"end":{"line":2500,"column":50}},"type":"binary-expr","locations":[{"start":{"line":2500,"column":14},"end":{"line":2500,"column":24}},{"start":{"line":2500,"column":28},"end":{"line":2500,"column":50}}],"line":2500},"119":{"loc":{"start":{"line":2512,"column":10},"end":{"line":2514,"column":11}},"type":"if","locations":[{"start":{"line":2512,"column":10},"end":{"line":2514,"column":11}},{"start":{},"end":{}}],"line":2512},"120":{"loc":{"start":{"line":2527,"column":2},"end":{"line":2527,"column":62}},"type":"cond-expr","locations":[{"start":{"line":2527,"column":20},"end":{"line":2527,"column":57}},{"start":{"line":2527,"column":60},"end":{"line":2527,"column":62}}],"line":2527},"121":{"loc":{"start":{"line":2544,"column":10},"end":{"line":2546,"column":11}},"type":"if","locations":[{"start":{"line":2544,"column":10},"end":{"line":2546,"column":11}},{"start":{},"end":{}}],"line":2544},"122":{"loc":{"start":{"line":2544,"column":14},"end":{"line":2544,"column":50}},"type":"binary-expr","locations":[{"start":{"line":2544,"column":14},"end":{"line":2544,"column":24}},{"start":{"line":2544,"column":28},"end":{"line":2544,"column":50}}],"line":2544},"123":{"loc":{"start":{"line":2556,"column":10},"end":{"line":2558,"column":11}},"type":"if","locations":[{"start":{"line":2556,"column":10},"end":{"line":2558,"column":11}},{"start":{},"end":{}}],"line":2556},"124":{"loc":{"start":{"line":2571,"column":2},"end":{"line":2571,"column":47}},"type":"cond-expr","locations":[{"start":{"line":2571,"column":15},"end":{"line":2571,"column":42}},{"start":{"line":2571,"column":45},"end":{"line":2571,"column":47}}],"line":2571},"125":{"loc":{"start":{"line":2589,"column":10},"end":{"line":2591,"column":11}},"type":"if","locations":[{"start":{"line":2589,"column":10},"end":{"line":2591,"column":11}},{"start":{},"end":{}}],"line":2589},"126":{"loc":{"start":{"line":2589,"column":14},"end":{"line":2589,"column":46}},"type":"binary-expr","locations":[{"start":{"line":2589,"column":14},"end":{"line":2589,"column":22}},{"start":{"line":2589,"column":26},"end":{"line":2589,"column":46}}],"line":2589},"127":{"loc":{"start":{"line":2624,"column":10},"end":{"line":2626,"column":11}},"type":"if","locations":[{"start":{"line":2624,"column":10},"end":{"line":2626,"column":11}},{"start":{},"end":{}}],"line":2624},"128":{"loc":{"start":{"line":2624,"column":14},"end":{"line":2624,"column":46}},"type":"binary-expr","locations":[{"start":{"line":2624,"column":14},"end":{"line":2624,"column":22}},{"start":{"line":2624,"column":26},"end":{"line":2624,"column":46}}],"line":2624},"129":{"loc":{"start":{"line":2632,"column":10},"end":{"line":2643,"column":11}},"type":"if","locations":[{"start":{"line":2632,"column":10},"end":{"line":2643,"column":11}},{"start":{},"end":{}}],"line":2632},"130":{"loc":{"start":{"line":2638,"column":12},"end":{"line":2640,"column":13}},"type":"if","locations":[{"start":{"line":2638,"column":12},"end":{"line":2640,"column":13}},{"start":{},"end":{}}],"line":2638},"131":{"loc":{"start":{"line":2638,"column":16},"end":{"line":2638,"column":44}},"type":"binary-expr","locations":[{"start":{"line":2638,"column":16},"end":{"line":2638,"column":22}},{"start":{"line":2638,"column":26},"end":{"line":2638,"column":44}}],"line":2638},"132":{"loc":{"start":{"line":2647,"column":10},"end":{"line":2658,"column":11}},"type":"if","locations":[{"start":{"line":2647,"column":10},"end":{"line":2658,"column":11}},{"start":{},"end":{}}],"line":2647},"133":{"loc":{"start":{"line":2647,"column":14},"end":{"line":2647,"column":75}},"type":"binary-expr","locations":[{"start":{"line":2647,"column":14},"end":{"line":2647,"column":30}},{"start":{"line":2647,"column":34},"end":{"line":2647,"column":75}}],"line":2647},"134":{"loc":{"start":{"line":2653,"column":12},"end":{"line":2655,"column":13}},"type":"if","locations":[{"start":{"line":2653,"column":12},"end":{"line":2655,"column":13}},{"start":{},"end":{}}],"line":2653},"135":{"loc":{"start":{"line":2653,"column":16},"end":{"line":2653,"column":46}},"type":"binary-expr","locations":[{"start":{"line":2653,"column":16},"end":{"line":2653,"column":23}},{"start":{"line":2653,"column":27},"end":{"line":2653,"column":46}}],"line":2653},"136":{"loc":{"start":{"line":2665,"column":10},"end":{"line":2667,"column":11}},"type":"if","locations":[{"start":{"line":2665,"column":10},"end":{"line":2667,"column":11}},{"start":{},"end":{}}],"line":2665},"137":{"loc":{"start":{"line":2678,"column":15},"end":{"line":2678,"column":64}},"type":"binary-expr","locations":[{"start":{"line":2678,"column":15},"end":{"line":2678,"column":48}},{"start":{"line":2678,"column":52},"end":{"line":2678,"column":64}}],"line":2678},"138":{"loc":{"start":{"line":2679,"column":2},"end":{"line":2679,"column":109}},"type":"cond-expr","locations":[{"start":{"line":2679,"column":22},"end":{"line":2679,"column":104}},{"start":{"line":2679,"column":107},"end":{"line":2679,"column":109}}],"line":2679},"139":{"loc":{"start":{"line":2679,"column":43},"end":{"line":2679,"column":102}},"type":"binary-expr","locations":[{"start":{"line":2679,"column":43},"end":{"line":2679,"column":81}},{"start":{"line":2679,"column":85},"end":{"line":2679,"column":102}}],"line":2679},"140":{"loc":{"start":{"line":2696,"column":10},"end":{"line":2698,"column":11}},"type":"if","locations":[{"start":{"line":2696,"column":10},"end":{"line":2698,"column":11}},{"start":{},"end":{}}],"line":2696},"141":{"loc":{"start":{"line":2696,"column":14},"end":{"line":2696,"column":46}},"type":"binary-expr","locations":[{"start":{"line":2696,"column":14},"end":{"line":2696,"column":22}},{"start":{"line":2696,"column":26},"end":{"line":2696,"column":46}}],"line":2696},"142":{"loc":{"start":{"line":2707,"column":10},"end":{"line":2709,"column":11}},"type":"if","locations":[{"start":{"line":2707,"column":10},"end":{"line":2709,"column":11}},{"start":{},"end":{}}],"line":2707},"143":{"loc":{"start":{"line":2721,"column":2},"end":{"line":2721,"column":59}},"type":"cond-expr","locations":[{"start":{"line":2721,"column":22},"end":{"line":2721,"column":54}},{"start":{"line":2721,"column":57},"end":{"line":2721,"column":59}}],"line":2721},"144":{"loc":{"start":{"line":2739,"column":10},"end":{"line":2741,"column":11}},"type":"if","locations":[{"start":{"line":2739,"column":10},"end":{"line":2741,"column":11}},{"start":{},"end":{}}],"line":2739},"145":{"loc":{"start":{"line":2739,"column":14},"end":{"line":2739,"column":48}},"type":"binary-expr","locations":[{"start":{"line":2739,"column":14},"end":{"line":2739,"column":23}},{"start":{"line":2739,"column":27},"end":{"line":2739,"column":48}}],"line":2739},"146":{"loc":{"start":{"line":2774,"column":10},"end":{"line":2776,"column":11}},"type":"if","locations":[{"start":{"line":2774,"column":10},"end":{"line":2776,"column":11}},{"start":{},"end":{}}],"line":2774},"147":{"loc":{"start":{"line":2774,"column":14},"end":{"line":2774,"column":48}},"type":"binary-expr","locations":[{"start":{"line":2774,"column":14},"end":{"line":2774,"column":23}},{"start":{"line":2774,"column":27},"end":{"line":2774,"column":48}}],"line":2774},"148":{"loc":{"start":{"line":2786,"column":10},"end":{"line":2788,"column":11}},"type":"if","locations":[{"start":{"line":2786,"column":10},"end":{"line":2788,"column":11}},{"start":{},"end":{}}],"line":2786},"149":{"loc":{"start":{"line":2801,"column":2},"end":{"line":2801,"column":62}},"type":"cond-expr","locations":[{"start":{"line":2801,"column":20},"end":{"line":2801,"column":57}},{"start":{"line":2801,"column":60},"end":{"line":2801,"column":62}}],"line":2801},"150":{"loc":{"start":{"line":2846,"column":4},"end":{"line":2871,"column":5}},"type":"if","locations":[{"start":{"line":2846,"column":4},"end":{"line":2871,"column":5}},{"start":{},"end":{}}],"line":2846},"151":{"loc":{"start":{"line":2873,"column":4},"end":{"line":2881,"column":5}},"type":"if","locations":[{"start":{"line":2873,"column":4},"end":{"line":2881,"column":5}},{"start":{},"end":{}}],"line":2873}},"s":{"0":0,"1":0,"2":0,"3":0,"4":0,"5":0,"6":0,"7":0,"8":0,"9":0,"10":0,"11":0,"12":0,"13":0,"14":0,"15":0,"16":0,"17":0,"18":0,"19":0,"20":0,"21":0,"22":0,"23":0,"24":0,"25":0,"26":0,"27":0,"28":0,"29":0,"30":0,"31":0,"32":0,"33":0,"34":0,"35":0,"36":0,"37":0,"38":0,"39":0,"40":0,"41":0,"42":0,"43":0,"44":0,"45":0,"46":0,"47":0,"48":0,"49":0,"50":0,"51":0,"52":0,"53":0,"54":0,"55":0,"56":0,"57":0,"58":0,"59":0,"60":0,"61":0,"62":0,"63":0,"64":0,"65":0,"66":0,"67":0,"68":0,"69":0,"70":0,"71":0,"72":0,"73":0,"74":0,"75":0,"76":0,"77":0,"78":0,"79":0,"80":0,"81":0,"82":0,"83":0,"84":0,"85":0,"86":0,"87":0,"88":0,"89":0,"90":0,"91":0,"92":0,"93":0,"94":0,"95":0,"96":0,"97":0,"98":0,"99":0,"100":0,"101":0,"102":0,"103":0,"104":0,"105":0,"106":0,"107":0,"108":0,"109":0,"110":0,"111":0,"112":0,"113":0,"114":0,"115":0,"116":0,"117":0,"118":0,"119":0,"120":0,"121":0,"122":0,"123":0,"124":0,"125":0,"126":0,"127":0,"128":0,"129":0,"130":0,"131":0,"132":0,"133":0,"134":0,"135":0,"136":0,"137":0,"138":0,"139":0,"140":0,"141":0,"142":0,"14
[...]
column":6},"end":{"line":1169,"column":33}},"type":"default-arg","locations":[{"start":{"line":1169,"column":28},"end":{"line":1169,"column":33}}],"line":1169},"174":{"loc":{"start":{"line":1170,"column":6},"end":{"line":1170,"column":36}},"type":"default-arg","locations":[{"start":{"line":1170,"column":31},"end":{"line":1170,"column":36}}],"line":1170},"175":{"loc":{"start":{"line":1171,"column":6},"end":{"line":1171,"column":39}},"type":"default-arg","locations":[{"start":{"line":1171,"column":34},"end":{"line":1171,"column":39}}],"line":1171},"176":{"loc":{"start":{"line":1187,"column":6},"end":{"line":1190,"column":7}},"type":"if","locations":[{"start":{"line":1187,"column":6},"end":{"line":1190,"column":7}},{"start":{},"end":{}}],"line":1187},"177":{"loc":{"start":{"line":1202,"column":25},"end":{"line":1202,"column":74}},"type":"binary-expr","locations":[{"start":{"line":1202,"column":25},"end":{"line":1202,"column":51}},{"start":{"line":1202,"column":55},"end":{"line":1202,"column":74}}],"line":1202},"178":{"loc":{"start":{"line":1204,"column":21},"end":{"line":1204,"column":75}},"type":"binary-expr","locations":[{"start":{"line":1204,"column":21},"end":{"line":1204,"column":47}},{"start":{"line":1204,"column":51},"end":{"line":1204,"column":75}}],"line":1204},"179":{"loc":{"start":{"line":1205,"column":21},"end":{"line":1205,"column":75}},"type":"binary-expr","locations":[{"start":{"line":1205,"column":21},"end":{"line":1205,"column":47}},{"start":{"line":1205,"column":51},"end":{"line":1205,"column":75}}],"line":1205},"180":{"loc":{"start":{"line":1209,"column":8},"end":{"line":1221,"column":9}},"type":"if","locations":[{"start":{"line":1209,"column":8},"end":{"line":1221,"column":9}},{"start":{},"end":{}}],"line":1209},"181":{"loc":{"start":{"line":1209,"column":12},"end":{"line":1209,"column":99}},"type":"binary-expr","locations":[{"start":{"line":1209,"column":12},"end":{"line":1209,"column":30}},{"start":{"line":1209,"column":34},"end":{"line":1209,"column":71}},{"start":{"line":1209,"column":75},"end":{"line":1209,"column":99}}],"line":1209},"182":{"loc":{"start":{"line":1215,"column":10},"end":{"line":1220,"column":11}},"type":"if","locations":[{"start":{"line":1215,"column":10},"end":{"line":1220,"column":11}},{"start":{},"end":{}}],"line":1215},"183":{"loc":{"start":{"line":1224,"column":8},"end":{"line":1226,"column":9}},"type":"if","locations":[{"start":{"line":1224,"column":8},"end":{"line":1226,"column":9}},{"start":{},"end":{}}],"line":1224},"184":{"loc":{"start":{"line":1224,"column":12},"end":{"line":1224,"column":70}},"type":"binary-expr","locations":[{"start":{"line":1224,"column":12},"end":{"line":1224,"column":51}},{"start":{"line":1224,"column":55},"end":{"line":1224,"column":70}}],"line":1224},"185":{"loc":{"start":{"line":1225,"column":38},"end":{"line":1225,"column":78}},"type":"binary-expr","locations":[{"start":{"line":1225,"column":38},"end":{"line":1225,"column":59}},{"start":{"line":1225,"column":63},"end":{"line":1225,"column":78}}],"line":1225},"186":{"loc":{"start":{"line":1228,"column":8},"end":{"line":1230,"column":9}},"type":"if","locations":[{"start":{"line":1228,"column":8},"end":{"line":1230,"column":9}},{"start":{},"end":{}}],"line":1228},"187":{"loc":{"start":{"line":1228,"column":12},"end":{"line":1228,"column":60}},"type":"binary-expr","locations":[{"start":{"line":1228,"column":12},"end":{"line":1228,"column":37}},{"start":{"line":1228,"column":41},"end":{"line":1228,"column":60}}],"line":1228},"188":{"loc":{"start":{"line":1236,"column":6},"end":{"line":1241,"column":7}},"type":"if","locations":[{"start":{"line":1236,"column":6},"end":{"line":1241,"column":7}},{"start":{},"end":{}}],"line":1236},"189":{"loc":{"start":{"line":1244,"column":6},"end":{"line":1256,"column":7}},"type":"if","locations":[{"start":{"line":1244,"column":6},"end":{"line":1256,"column":7}},{"start":{},"end":{}}],"line":1244},"190":{"loc":{"start":{"line":1248,"column":10},"end":{"line":1254,"column":11}},"type":"if","locations":[{"start":{"line":1248,"column":10},"end":{"line":1254,"column":11}},{"start":{},"end":{}}],"line":1248},"191":{"loc":{"start":{"line":1259,"column":6},"end":{"line":1269,"column":7}},"type":"if","locations":[{"start":{"line":1259,"column":6},"end":{"line":1269,"column":7}},{"start":{},"end":{}}],"line":1259},"192":{"loc":{"start":{"line":1272,"column":6},"end":{"line":1283,"column":7}},"type":"if","locations":[{"start":{"line":1272,"column":6},"end":{"line":1283,"column":7}},{"start":{},"end":{}}],"line":1272},"193":{"loc":{"start":{"line":1293,"column":43},"end":{"line":1293,"column":65}},"type":"default-arg","locations":[{"start":{"line":1293,"column":61},"end":{"line":1293,"column":65}}],"line":1293},"194":{"loc":{"start":{"line":1300,"column":6},"end":{"line":1302,"column":7}},"type":"if","locations":[{"start":{"line":1300,"column":6},"end":{"line":1302,"column":7}},{"start":{},"end":{}}],"line":1300},"195":{"loc":{"start":{"line":1309,"column":14},"end":{"line":1309,"column":63}},"type":"binary-expr","locations":[{"start":{"line":1309,"column":14},"end":{"line":1309,"column":40}},{"start":{"line":1309,"column":44},"end":{"line":1309,"column":63}}],"line":1309},"196":{"loc":{"start":{"line":1311,"column":19},"end":{"line":1311,"column":73}},"type":"binary-expr","locations":[{"start":{"line":1311,"column":19},"end":{"line":1311,"column":45}},{"start":{"line":1311,"column":49},"end":{"line":1311,"column":73}}],"line":1311},"197":{"loc":{"start":{"line":1312,"column":19},"end":{"line":1312,"column":73}},"type":"binary-expr","locations":[{"start":{"line":1312,"column":19},"end":{"line":1312,"column":45}},{"start":{"line":1312,"column":49},"end":{"line":1312,"column":73}}],"line":1312},"198":{"loc":{"start":{"line":1318,"column":6},"end":{"line":1320,"column":7}},"type":"if","locations":[{"start":{"line":1318,"column":6},"end":{"line":1320,"column":7}},{"start":{},"end":{}}],"line":1318},"199":{"loc":{"start":{"line":1319,"column":38},"end":{"line":1319,"column":78}},"type":"binary-expr","locations":[{"start":{"line":1319,"column":38},"end":{"line":1319,"column":59}},{"start":{"line":1319,"column":63},"end":{"line":1319,"column":78}}],"line":1319},"200":{"loc":{"start":{"line":1323,"column":6},"end":{"line":1335,"column":7}},"type":"if","locations":[{"start":{"line":1323,"column":6},"end":{"line":1335,"column":7}},{"start":{},"end":{}}],"line":1323},"201":{"loc":{"start":{"line":1323,"column":10},"end":{"line":1323,"column":79}},"type":"binary-expr","locations":[{"start":{"line":1323,"column":10},"end":{"line":1323,"column":42}},{"start":{"line":1323,"column":46},"end":{"line":1323,"column":79}}],"line":1323},"202":{"loc":{"start":{"line":1329,"column":8},"end":{"line":1334,"column":9}},"type":"if","locations":[{"start":{"line":1329,"column":8},"end":{"line":1334,"column":9}},{"start":{},"end":{}}],"line":1329},"203":{"loc":{"start":{"line":1338,"column":6},"end":{"line":1350,"column":7}},"type":"if","locations":[{"start":{"line":1338,"column":6},"end":{"line":1350,"column":7}},{"start":{},"end":{}}],"line":1338},"204":{"loc":{"start":{"line":1338,"column":10},"end":{"line":1338,"column":117}},"type":"binary-expr","locations":[{"start":{"line":1338,"column":10},"end":{"line":1338,"column":50}},{"start":{"line":1338,"column":55},"end":{"line":1338,"column":80}},{"start":{"line":1338,"column":84},"end":{"line":1338,"column":116}}],"line":1338},"205":{"loc":{"start":{"line":1341,"column":10},"end":{"line":1341,"column":98}},"type":"cond-expr","locations":[{"start":{"line":1341,"column":45},"end":{"line":1341,"column":91}},{"start":{"line":1341,"column":94},"end":{"line":1341,"column":98}}],"line":1341},"206":{"loc":{"start":{"line":1344,"column":8},"end":{"line":1349,"column":9}},"type":"if","locations":[{"start":{"line":1344,"column":8},"end":{"line":1349,"column":9}},{"start":{},"end":{}}],"line":1344},"207":{"loc":{"start":{"line":1346,"column":10},"end":{"line":1348,"column":11}},"type":"if","locations":[{"start":{"line":1346,"column":10},"end":{"line":1348,"column":11}},{"start":{},"end":{}}],"line":1346},"208":{"loc":{"start":{"line":1359,"column":55},"end":{"line":1359,"column":66}},"type":"default-arg","locations":[{"start":{"line":1359,"column":64},"end":{"line":1359,"column":66}}],"line":1359},"209":{"loc":{"start":{"line":1369,"column":6},"end":{"line":1421,"column":7}},"type":"if","locations":[{"start":{"line":1369,"column":6},"end":{"line":1421,"column":7}},{"start":{},"end":{}}],"line":1369},"210":{"loc":{"start":{"line":1377,"column":10},"end":{"line":1387,"column":11}},"type":"if","locations":[{"start":{"line":1377,"column":10},"end":{"line":1387,"column":11}},{"start":{},"end":{}}],"line":1377},"211":{"loc":{"start":{"line":1377,"column":14},"end":{"line":1377,"column":65}},"type":"binary-expr","locations":[{"start":{"line":1377,"column":14},"end":{"line":1377,"column":43}},{"start":{"line":1377,"column":47},"end":{"line":1377,"column":65}}],"line":1377},"212":{"loc":{"start":{"line":1390,"column":10},"end":{"line":1399,"column":11}},"type":"if","locations":[{"start":{"line":1390,"column":10},"end":{"line":1399,"column":11}},{"start":{},"end":{}}],"line":1390},"213":{"loc":{"start":{"line":1390,"column":14},"end":{"line":1390,"column":62}},"type":"binary-expr","locations":[{"start":{"line":1390,"column":14},"end":{"line":1390,"column":30}},{"start":{"line":1390,"column":34},"end":{"line":1390,"column":62}}],"line":1390},"214":{"loc":{"start":{"line":1402,"column":10},"end":{"line":1419,"column":11}},"type":"if","locations":[{"start":{"line":1402,"column":10},"end":{"line":1419,"column":11}},{"start":{},"end":{}}],"line":1402},"215":{"loc":{"start":{"line":1402,"column":14},"end":{"line":1402,"column":96}},"type":"binary-expr","locations":[{"start":{"line":1402,"column":14},"end":{"line":1402,"column":44}},{"start":{"line":1402,"column":49},"end":{"line":1402,"column":70}},{"start":{"line":1402,"column":74},"end":{"line":1402,"column":95}}],"line":1402},"216":{"loc":{"start":{"line":1408,"column":12},"end":{"line":1418,"column":13}},"type":"if","locations":[{"start":{"line":1408,"column":12},"end":{"line":1418,"column":13}},{"start":{},"end":{}}],"line":1408},"217":{"loc":{"start":{"line":1413,"column":60},"end":{"line":1413,"column":107}},"type":"cond-expr","locations":[{"start":{"line":1413,"column":84},"end":{"line":1413,"column":92}},{"start":{"line":1413,"column":95},"end":{"line":1413,"column":107}}],"line":1413},"218":{"loc":{"start":{"line":1424,"column":6},"end":{"line":1452,"column":7}},"type":"if","locations":[{"start":{"line":1424,"column":6},"end":{"line":1452,"column":7}},{"start":{},"end":{}}],"line":1424},"219":{"loc":{"start":{"line":1431,"column":10},"end":{"line":1450,"column":11}},"type":"if","locations":[{"start":{"line":1431,"column":10},"end":{"line":1450,"column":11}},{"start":{},"end":{}}],"line":1431},"220":{"loc":{"start":{"line":1438,"column":14},"end":{"line":1448,"column":15}},"type":"if","locations":[{"start":{"line":1438,"column":14},"end":{"line":1448,"column":15}},{"start":{},"end":{}}],"line":1438},"221":{"loc":{"start":{"line":1438,"column":18},"end":{"line":1438,"column":76}},"type":"binary-expr","locations":[{"start":{"line":1438,"column":18},"end":{"line":1438,"column":42}},{"start":{"line":1438,"column":46},"end":{"line":1438,"column":76}}],"line":1438},"222":{"loc":{"start":{"line":1468,"column":41},"end":{"line":1468,"column":53}},"type":"default-arg","locations":[{"start":{"line":1468,"column":51},"end":{"line":1468,"column":53}}],"line":1468},"223":{"loc":{"start":{"line":1470,"column":6},"end":{"line":1470,"column":28}},"type":"default-arg","locations":[{"start":{"line":1470,"column":24},"end":{"line":1470,"column":28}}],"line":1470},"224":{"loc":{"start":{"line":1471,"column":6},"end":{"line":1471,"column":31}},"type":"default-arg","locations":[{"start":{"line":1471,"column":26},"end":{"line":1471,"column":31}}],"line":1471},"225":{"loc":{"start":{"line":1488,"column":6},"end":{"line":1512,"column":7}},"type":"if","locations":[{"start":{"line":1488,"column":6},"end":{"line":1512,"column":7}},{"start":{},"end":{}}],"line":1488},"226":{"loc":{"start":{"line":1500,"column":23},"end":{"line":1500,"column":47}},"type":"binary-expr","locations":[{"start":{"line":1500,"column":23},"end":{"line":1500,"column":34}},{"start":{"line":1500,"column":38},"end":{"line":1500,"column":47}}],"line":1500},"227":{"loc":{"start":{"line":1501,"column":10},"end":{"line":1503,"column":11}},"type":"if","locations":[{"start":{"line":1501,"column":10},"end":{"line":1503,"column":11}},{"start":{},"end":{}}],"line":1501},"228":{"loc":{"start":{"line":1510,"column":56},"end":{"line":1510,"column":79}},"type":"binary-expr","locations":[{"start":{"line":1510,"column":56},"end":{"line":1510,"column":62}},{"start":{"line":1510,"column":66},"end":{"line":1510,"column":79}}],"line":1510}},"s":{"0":0,"1":0,"2":0,"3":0,"4":0,"5":0,"6":0,"7":0,"8":0,"9":0,"10":0,"11":0,"12":0,"13":0,"14":0,"15":0,"16":0,"17":0,"18":0,"19":0,"20":0,"21":0,"22":0,"23":0,"24":0,"25":0,"26":0,"27":0,"28":0,"29":0,"30":0,"31":0,"32":0,"33":0,"34":0,"35":0,"36":0,"37":0,"38":0,"39":0,"40":0,"41":0,"42":0,"43":0,"44":0,"45":0,"46":0,"47":0,"48":0,"49":0,"50":0,"51":0,"52":0,"53":0,"54":0,"55":0,"56":0,"57":0,"58":0,"59":0,"60":0,"61":0,"62":0,"63":0,"64":0,"65":0,"66":0,"67":0,"68":0,"69":0,"70":0,"71":0,"72":0,"73":0,"74":0,"75":0,"76":0,"77":0,"78":0,"79":0,"80":0,"81":0,"82":0,"83":0,"84":0,"85":0,"86":0,"87":0,"88":0,"89":0,"90":0,"91":0,"92":0,"93":0,"94":0,"95":0,"96":0,"97":0,"98":0,"99":0,"100":0,"101":0,"102":0,"103":0,"104":0,"105":0,"106":0,"107":0,"108":0,"109":0,"110":0,"111":0,"112":0,"113":0,"114":0,"115":0,"116":0,"117":0,"118":0,"119":0,"120":0,"121":0,"122":0,"123":0,"124":0,"125":0,"126":0,"127":0,"128":0,"129":0,"130":0,"131":0,"132":0,"133":0,"134":0,"135":0,"136":0,"137":0,"138":0,"139":0,"140":0,"141":0,"142":0,"143":0,"144":0,"145":0,"146":0,"147":0,"148":0,"149":0,"150":0,"151":0,"152":0,"153":0,"154":0,"155":0,"156":0,"157":0,"158":0,"159":0,"160":0,"161":0,"162":0,"163":0,"164":0,"165":0,"166":0,"167":0,"168":0,"169":0,"170":0,"171":0,"172":0,"173":0,"174":0,"175":0,"176":0,"177":0,"178":0,"179":0,"180":0,"181":0,"182":0,"183":0,"184":0,"185":0,"186":0,"187":0,"188":0,"189":0,"190":0,"191":0,"192":0,"193":0,"194":0,"195":0,"196":0,"197":0,"198":0,"199":0,"200":0,"201":0,"202":0,"203":0,"204":0,"205":0,"206":0,"207":0,"208":0,"209":0,"210":0,"211":0,"212":0,"213":0,"214":0,"215":0,"216":0,"217":0,"218":0,"219":0,"220":0,"221":0,"222":0,"223":0,"224":0,"225":0,"226":0,"227":0,"228":0,"229":0,"230":0,"231":0,"232":0,"233":0,"234":0,"235":0,"236":0,"237":0,"238":0,"239":0,"240":0,"241":0,"242":0,"243":0,"244":0,"245":0,"246":0,"247":0,"248":0,"249":0,"250":0,"251":0,"252":0,"253":0,"254":0,"255":0,"256":0,"257":0,"258":0,"259":0,"260":0,"261":0,"262":0,"263":0,"264":0,"265":0,"266":0,"267":0,"268":0,"269":0,"270":0,"271":0,"272":0,"273":0,"274":0,"275":0,"276":0,"277":0,"278":0,"279":0,"280":0,"281":0,"282":0,"283":0,"284":0,"285":0,"286":0,"287":0,"288":0,"289":0,"290":0,"291":0,"292":0,"293":0,"294":0,"295":0,"296":0,"297":0,"298":0,"299":0,"300":0,"301":0,"302":0,"303":0,"304":0,"305":0,"306":0,"307":0,"308":0,"309":0,"310":0,"311":0,"312":0,"313":0,"314":0,"315":0,"316":0,"317":0,"318":0,"319":0,"320":0,"321":0,"322":0,"323":0,"324":0,"325":0,"326":0,"327":0,"328":0,"329":0,"330":0,"331":0,"332":0,"333":0,"334":0,"335":0,"336":0,"337":0,"338":0,"339":0,"340":0,"341":0,"342":0,"343":0,"344":0,"345":0,"346":0,"347":0,"348":0,"349":0,"350":0,"351":0,"352":0,"353":0,"354":0,"355":0,"356":0,"357":0,"358":0,"359":0,"360":0,"361":0,"362":0,"363":0,"364":0,"365":0,"366":0,"367":0,"368":0,"369":0,"370":0,"371":0,"372":0,"373":0,"374":0,"375":0,"376":0,"377":0,"378":0,"379":0,"380":0,"381":0,"382":0,"383":0,"384":0,"385":0,"386":0,"387":0,"388":0,"389":0,"390":0,"391":0,"392":0,"393":0,"394":0,"395":0,"396":0,"397":0,"398":0,"399":0,"400":0,"401":0,"402":0,"403":0,"404":0,"405":0,"406":0,"407":0,"408":0,"409":0,"410":0,"411":0,"412":0,"413":0,"414":0,"415":0,"416":0,"417":0,"418":0,"419":0,"420":0,"421":0,"422":0,"423":0,"424":0,"425":0,"426":0,"427":0,"428":0,"429":0,"430":0,"431":0,"432":0,"433":0,"434":0,"435":0,"436":0,"437":0,"438":0,"439":0,"440":0,"441":0,"442":0,"443":0,"444":0,"445":0,"446":0,"447":0,"448":0,"449":0,"450":0,"451":0,"452":0,"453":0,"454":0,"455":0,"456":0,"457":0,"458":0,"459":0,"460":0,"461":0,"462":0,"463":0,"464":0,"465":0,"466":0,"467":0,"468":0,"469":0,"470":0,"471":0,"472":0,"473":0,"474":0,"475":0,"476":0,"477":0,"478":0,"479":0,"480":0,"481":0,"482":0,"483":0,"484":0,"485":0,"486":0,"487":0,"488":0},"f":{"0":0,"1":0,"2":0,"3":0,"4":0,"5":0,"6":0,"7":0,"8":0,"9":0,"10":0,"11":0,"12":0,"13":0,"14":0,"15":0,"16":0,"17":0,"18":0,"19":0,"20":0,"21":0,"22":0,"23":0,"24":0,"25":0,"26":0,"27":0,"28":0,"29":0,"30":0,"31":0,"32":0,"33":0,"34":0,"35":0,"36":0,"37":0,"38":0,"39":0,"40":0,"41":0,"42":0,"43":0,"44":0,"45":0,"46":0,"47":0,"48":0,"49":0,"50":0,"51":0,"52":0,"53":0,"54":0,"55":0,"56":0,"57":0,"58":0,"59":0,"60":0,"61":0,"62":0,"63":0,"64":0,"65":0,"66":0,"67":0,"68":0,"69":0,"70":0,"71":0,"72":0,"73":0,"74":0,"75":0,"76":0,"77":0,"78":0,"79":0,"80":0,"81":0,"82":0,"83":0,"84":0,"85":0,"86":0,"87":0,"88":0,"89":0,"90":0,"91":0,"92":0,"93":0,"94":0,"95":0,"96":0,"97":0,"98":0,"99":0,"100":0,"101":0},"b":{"0":[0,0],"1":[0],"2":[0,0],"3":[0],"4":[0,0],"5":[0,0],"6":[0,0],"7":[0],"8":[0,0],"9":[0,0],"10":[0,0],"11":[0,0],"12":[0],"13":[0],"14":[0,0],"15":[0],"16":[0],"17":[0],"18":[0,0],"19":[0],"20":[0,0],"21":[0],"22":[0],"23":[0,0],"24":[0],"25":[0],"26":[0],"27":[0],"28":[0,0],"29":[0],"30":[0],"31":[0,0],"32":[0],"33":[0],"34":[0],"35":[0],"36":[0],"37":[0],"38":[0],"39":[0,0],"40":[0],"41":[0],"42":[0],"43":[0,0],"44":[0,0],"45":[0,0],"46":[0,0],"47":[0],"48":[0],"49":[0],"50":[0,0],"51":[0,0],"52":[0,0],"53":[0,0],"54":[0,0],"55":[0,0],"56":[0,0],"57":[0,0],"58":[0,0],"59":[0,0],"60":[0,0],"61":[0],"62":[0],"63":[0,0],"64":[0,0],"65":[0,0],"66":[0,0],"67":[0,0],"68":[0,0],"69":[0,0],"70":[0,0],"71":[0,0],"72":[0,0],"73":[0,0],"74":[0,0],"75":[0,0],"76":[0,0],"77":[0,0],"78":[0,0],"79":[0,0],"80":[0,0],"81":[0,0],"82":[0,0],"83":[0,0],"84":[0,0],"85":[0,0],"86":[0,0],"87":[0,0],"88":[0,0],"89":[0,0],"90":[0,0,0],"91":[0,0],"92":[0,0],"93":[0,0],"94":[0,0],"95":[0,0],"96":[0,0],"97":[0,0],"98":[0,0],"99":[0,0],"100":[0,0],"101":[0,0],"102":[0,0],"103":[0,0],"104":[0],"105":[0,0],"106":[0,0],"107":[0,0],"108":[0,0],"109":[0,0],"110":[0,0],"111":[0,0],"112":[0,0],"113":[0,0],"114":[0,0],"115":[0,0],"116":[0,0],"117":[0,0],"118":[0,0],"119":[0,0],"120":[0,0],"121":[0,0],"122":[0,0],"123":[0,0],"124":[0,0],"125":[0,0],"126":[0,0],"127":[0,0],"128":[0],"129":[0],"130":[0],"131":[0],"132":[0],"133":[0],"134":[0,0],"135":[0,0],"136":[0,0],"137":[0,0],"138":[0,0],"139":[0,0],"140":[0,0],"141":[0,0],"142":[0,0],"143":[0,0],"144":[0,0],"145":[0,0],"146":[0,0],"147":[0,0],"148":[0,0],"149":[0,0],"150":[0,0],"151":[0,0],"152":[0],"153":[0,0],"154":[0,0],"155":[0,0],"156":[0,0],"157":[0,0],"158":[0,0],"159":[0,0],"160":[0,0],"161":[0,0],"162":[0,0],"163":[0,0],"164":[0,0],"165":[0,0],"166":[0,0],"167":[0,0],"168":[0,0],"169":[0],"170":[0],"171":[0],"172":[0],"173":[0],"174":[0],"175":[0],"176":[0,0],"177":[0,0],"178":[0,0],"179":[0,0],"180":[0,0],"181":[0,0,0],"182":[0,0],"183":[0,0],"184":[0,0],"185":[0,0],"186":[0,0],"187":[0,0],"188":[0,0],"189":[0,0],"190":[0,0],"191":[0,0],"192":[0,0],"193":[0],"194":[0,0],"195":[0,0],"196":[0,0],"197":[0,0],"198":[0,0],"199":[0,0],"200":[0,0],"201":[0,0],"202":[0,0],"203":[0,0],"204":[0,0,0],"205":[0,0],"206":[0,0],"207":[0,0],"208":[0],"209":[0,0],"210":[0,0],"211":[0,0],"212":[0,0],"213":[0,0],"214":[0,0],"215":[0,0,0],"216":[0,0],"217":[0,0],"218":[0,0],"219":[0,0],"220":[0,0],"221":[0,0],"222":[0],"223":[0],"224":[0],"225":[0,0],"226":[0,0],"227":[0,0],"228":[0,0]},"inputSourceMap":null}
}
